[INFO ] 2018-09-02 00:10:23 [main] c.isheng.web.admin.AdminApplication - Starting AdminApplication on hepb92-lenovo with PID 4780 (E:\DevData\GitRepository\mydev\isheng-tkt\isheng-tkt-web\isheng-tkt-web-admin\target\classes started by Administrator in E:\DevData\GitRepository\mydev\isheng-tkt\isheng-tkt-web\isheng-tkt-web-admin)
[INFO ] 2018-09-02 00:10:23 [main] c.isheng.web.admin.AdminApplication - The following profiles are active: dev
[INFO ] 2018-09-02 00:10:23 [main] o.s.b.w.s.c.AnnotationConfigServletWebServerApplicationContext - Refreshing org.springframework.boot.web.servlet.context.AnnotationConfigServletWebServerApplicationContext@4fce136b: startup date [Sun Sep 02 00:10:24 CST 2018]; root of context hierarchy
[INFO ] 2018-09-02 00:10:23 [main] o.s.b.w.e.tomcat.TomcatWebServer - Tomcat initialized with port(s): 8881 (http)
[INFO ] 2018-09-02 00:10:23 [main] o.a.coyote.http11.Http11NioProtocol - Initializing ProtocolHandler ["http-nio-8881"]
[INFO ] 2018-09-02 00:10:23 [main] o.a.catalina.core.StandardService - Starting service [Tomcat]
[INFO ] 2018-09-02 00:10:23 [main] o.a.catalina.core.StandardEngine - Starting Servlet Engine: Apache Tomcat/8.5.31
[INFO ] 2018-09-02 00:10:23 [localhost-startStop-1] o.a.c.core.AprLifecycleListener - The APR based Apache Tomcat Native library which allows optimal performance in production environments was not found on the java.library.path: [D:\dev\Java\jdk1.8\bin;C:\Windows\Sun\Java\bin;C:\Windows\system32;C:\Windows;D:\dev\Java\jdk1.8\jre\bin;D:/dev/Java/jre8/bin/server;D:/dev/Java/jre8/bin;D:/dev/Java/jre8/lib/amd64;C:\Program Files (x86)\Common Files\Oracle\Java\javapath;C:\Windows\system32;C:\Windows;D:\dev\Oracle\product\11.2.0\dbhome_1\bin;D:\dev\apach-maven\apache-maven-3.5.4\bin;D:\dev\Java\jdk1.7\bin;C:\Windows\system32;C:\Windows;C:\Windows\System32\Wbem;C:\Windows\System32\WindowsPowerShell\v1.0\;C:\Program Files (x86)\Intel\Services\IPT\;C:\Program Files (x86)\ATI Technologies\ATI.ACE\Core-Static;D:\dev\MySql\bin;D:\dev\Subversion\bin;D:\dev\Nexus\nexus-2.14.4-03\bin\jsw\windows-x86-64;D:\dev\Git\cmd;D:\dev\SSH;D:\sys\Menu\程序菜单;;.]
[INFO ] 2018-09-02 00:10:23 [localhost-startStop-1] o.a.c.c.C.[Tomcat].[localhost].[/] - Initializing Spring embedded WebApplicationContext
[INFO ] 2018-09-02 00:10:23 [localhost-startStop-1] o.s.web.context.ContextLoader - Root WebApplicationContext: initialization completed in 10721 ms
[INFO ] 2018-09-02 00:10:23 [localhost-startStop-1] o.s.b.w.s.ServletRegistrationBean - Servlet dispatcherServlet mapped to [/]
[INFO ] 2018-09-02 00:10:23 [localhost-startStop-1] o.s.b.w.s.FilterRegistrationBean - Mapping filter: 'characterEncodingFilter' to: [/*]
[INFO ] 2018-09-02 00:10:23 [localhost-startStop-1] o.s.b.w.s.FilterRegistrationBean - Mapping filter: 'hiddenHttpMethodFilter' to: [/*]
[INFO ] 2018-09-02 00:10:23 [localhost-startStop-1] o.s.b.w.s.FilterRegistrationBean - Mapping filter: 'httpPutFormContentFilter' to: [/*]
[INFO ] 2018-09-02 00:10:23 [localhost-startStop-1] o.s.b.w.s.FilterRegistrationBean - Mapping filter: 'requestContextFilter' to: [/*]
[INFO ] 2018-09-02 00:10:23 [localhost-startStop-1] o.s.b.w.s.FilterRegistrationBean - Mapping filter: 'httpTraceFilter' to: [/*]
[INFO ] 2018-09-02 00:10:23 [localhost-startStop-1] o.s.b.w.s.FilterRegistrationBean - Mapping filter: 'webMvcMetricsFilter' to: [/*]
[INFO ] 2018-09-02 00:10:23 [main] o.s.w.s.m.m.a.RequestMappingHandlerAdapter - Looking for @ControllerAdvice: org.springframework.boot.web.servlet.context.AnnotationConfigServletWebServerApplicationContext@4fce136b: startup date [Sun Sep 02 00:10:24 CST 2018]; root of context hierarchy
[INFO ] 2018-09-02 00:10:23 [main] o.s.w.s.m.m.a.RequestMappingHandlerMapping - Mapped "{[/user/add]}" onto public java.lang.Object com.isheng.web.admin.auth.UserController.add(com.isheng.model.auth.entity.User)
[INFO ] 2018-09-02 00:10:23 [main] o.s.w.s.m.m.a.RequestMappingHandlerMapping - Mapped "{[/user/update]}" onto public java.lang.Object com.isheng.web.admin.auth.UserController.update(com.isheng.model.auth.entity.User)
[INFO ] 2018-09-02 00:10:23 [main] o.s.w.s.m.m.a.RequestMappingHandlerMapping - Mapped "{[/user/delete]}" onto public java.lang.Object com.isheng.web.admin.auth.UserController.delete(java.lang.String)
[INFO ] 2018-09-02 00:10:23 [main] o.s.w.s.m.m.a.RequestMappingHandlerMapping - Mapped "{[/user/list]}" onto public java.util.concurrent.Callable<java.lang.Object> com.isheng.web.admin.auth.UserController.list(com.isheng.model.auth.request.UserQuery,java.lang.String,java.lang.String)
[INFO ] 2018-09-02 00:10:23 [main] o.s.w.s.m.m.a.RequestMappingHandlerMapping - Mapped "{[/error]}" onto public org.springframework.http.ResponseEntity<java.util.Map<java.lang.String, java.lang.Object>> org.springframework.boot.autoconfigure.web.servlet.error.BasicErrorController.error(javax.servlet.http.HttpServletRequest)
[INFO ] 2018-09-02 00:10:23 [main] o.s.w.s.m.m.a.RequestMappingHandlerMapping - Mapped "{[/error],produces=[text/html]}" onto public org.springframework.web.servlet.ModelAndView org.springframework.boot.autoconfigure.web.servlet.error.BasicErrorController.errorHtml(javax.servlet.http.HttpServletRequest,javax.servlet.http.HttpServletResponse)
[INFO ] 2018-09-02 00:10:23 [main] o.s.w.s.h.SimpleUrlHandlerMapping - Mapped URL path [/webjars/**] onto handler of type [class org.springframework.web.servlet.resource.ResourceHttpRequestHandler]
[INFO ] 2018-09-02 00:10:23 [main] o.s.w.s.h.SimpleUrlHandlerMapping - Mapped URL path [/**] onto handler of type [class org.springframework.web.servlet.resource.ResourceHttpRequestHandler]
[INFO ] 2018-09-02 00:10:23 [main] o.s.b.a.w.s.WelcomePageHandlerMapping - Adding welcome page: ServletContext resource [/index.html]
[INFO ] 2018-09-02 00:10:23 [main] c.a.d.common.logger.LoggerFactory - using logger: com.alibaba.dubbo.common.logger.slf4j.Slf4jLoggerAdapter
[INFO ] 2018-09-02 00:10:23 [main] o.s.b.a.e.web.EndpointLinksResolver - Exposing 2 endpoint(s) beneath base path '/actuator'
[INFO ] 2018-09-02 00:10:23 [main] o.s.b.a.e.w.s.WebMvcEndpointHandlerMapping - Mapped "{[/actuator/health],methods=[GET],produces=[application/vnd.spring-boot.actuator.v2+json || application/json]}" onto public java.lang.Object org.springframework.boot.actuate.endpoint.web.servlet.AbstractWebMvcEndpointHandlerMapping$OperationHandler.handle(javax.servlet.http.HttpServletRequest,java.util.Map<java.lang.String, java.lang.String>)
[INFO ] 2018-09-02 00:10:23 [main] o.s.b.a.e.w.s.WebMvcEndpointHandlerMapping - Mapped "{[/actuator/info],methods=[GET],produces=[application/vnd.spring-boot.actuator.v2+json || application/json]}" onto public java.lang.Object org.springframework.boot.actuate.endpoint.web.servlet.AbstractWebMvcEndpointHandlerMapping$OperationHandler.handle(javax.servlet.http.HttpServletRequest,java.util.Map<java.lang.String, java.lang.String>)
[INFO ] 2018-09-02 00:10:23 [main] o.s.b.a.e.w.s.WebMvcEndpointHandlerMapping - Mapped "{[/actuator],methods=[GET],produces=[application/vnd.spring-boot.actuator.v2+json || application/json]}" onto protected java.util.Map<java.lang.String, java.util.Map<java.lang.String, org.springframework.boot.actuate.endpoint.web.Link>> org.springframework.boot.actuate.endpoint.web.servlet.WebMvcEndpointHandlerMapping.links(javax.servlet.http.HttpServletRequest,javax.servlet.http.HttpServletResponse)
[INFO ] 2018-09-02 00:10:23 [main] o.s.j.e.a.AnnotationMBeanExporter - Registering beans for JMX exposure on startup
[INFO ] 2018-09-02 00:10:23 [main] o.a.coyote.http11.Http11NioProtocol - Starting ProtocolHandler ["http-nio-8881"]
[INFO ] 2018-09-02 00:10:23 [main] o.a.tomcat.util.net.NioSelectorPool - Using a shared selector for servlet write/read
[INFO ] 2018-09-02 00:10:23 [main] o.s.b.w.e.tomcat.TomcatWebServer - Tomcat started on port(s): 8881 (http) with context path ''
[INFO ] 2018-09-02 00:10:23 [main] c.isheng.web.admin.AdminApplication - Started AdminApplication in 22.68 seconds (JVM running for 25.728)
[INFO ] 2018-09-02 00:10:23 [http-nio-8881-exec-1] o.a.c.c.C.[Tomcat].[localhost].[/] - Initializing Spring FrameworkServlet 'dispatcherServlet'
[INFO ] 2018-09-02 00:10:23 [http-nio-8881-exec-1] o.s.web.servlet.DispatcherServlet - FrameworkServlet 'dispatcherServlet': initialization started
[INFO ] 2018-09-02 00:10:23 [http-nio-8881-exec-1] o.s.web.servlet.DispatcherServlet - FrameworkServlet 'dispatcherServlet': initialization completed in 87 ms
[INFO ] 2018-09-02 00:28:30 [main] c.isheng.web.admin.AdminApplication - Starting AdminApplication on hepb92-lenovo with PID 5380 (E:\DevData\GitRepository\mydev\isheng-tkt\isheng-tkt-web\isheng-tkt-web-admin\target\classes started by Administrator in E:\DevData\GitRepository\mydev\isheng-tkt\isheng-tkt-web\isheng-tkt-web-admin)
[INFO ] 2018-09-02 00:28:30 [main] c.isheng.web.admin.AdminApplication - The following profiles are active: dev
[INFO ] 2018-09-02 00:28:30 [main] o.s.b.w.s.c.AnnotationConfigServletWebServerApplicationContext - Refreshing org.springframework.boot.web.servlet.context.AnnotationConfigServletWebServerApplicationContext@63fdab07: startup date [Sun Sep 02 00:28:31 CST 2018]; root of context hierarchy
[INFO ] 2018-09-02 00:28:30 [main] o.s.b.w.e.tomcat.TomcatWebServer - Tomcat initialized with port(s): 8881 (http)
[INFO ] 2018-09-02 00:28:30 [main] o.a.coyote.http11.Http11NioProtocol - Initializing ProtocolHandler ["http-nio-8881"]
[INFO ] 2018-09-02 00:28:30 [main] o.a.catalina.core.StandardService - Starting service [Tomcat]
[INFO ] 2018-09-02 00:28:30 [main] o.a.catalina.core.StandardEngine - Starting Servlet Engine: Apache Tomcat/8.5.31
[INFO ] 2018-09-02 00:28:30 [localhost-startStop-1] o.a.c.core.AprLifecycleListener - The APR based Apache Tomcat Native library which allows optimal performance in production environments was not found on the java.library.path: [D:\dev\Java\jdk1.8\bin;C:\Windows\Sun\Java\bin;C:\Windows\system32;C:\Windows;D:\dev\Java\jdk1.8\jre\bin;D:/dev/Java/jre8/bin/server;D:/dev/Java/jre8/bin;D:/dev/Java/jre8/lib/amd64;C:\Program Files (x86)\Common Files\Oracle\Java\javapath;C:\Windows\system32;C:\Windows;D:\dev\Oracle\product\11.2.0\dbhome_1\bin;D:\dev\apach-maven\apache-maven-3.5.4\bin;D:\dev\Java\jdk1.7\bin;C:\Windows\system32;C:\Windows;C:\Windows\System32\Wbem;C:\Windows\System32\WindowsPowerShell\v1.0\;C:\Program Files (x86)\Intel\Services\IPT\;C:\Program Files (x86)\ATI Technologies\ATI.ACE\Core-Static;D:\dev\MySql\bin;D:\dev\Subversion\bin;D:\dev\Nexus\nexus-2.14.4-03\bin\jsw\windows-x86-64;D:\dev\Git\cmd;D:\dev\SSH;D:\sys\Menu\程序菜单;;.]
[INFO ] 2018-09-02 00:28:30 [localhost-startStop-1] o.a.c.c.C.[Tomcat].[localhost].[/] - Initializing Spring embedded WebApplicationContext
[INFO ] 2018-09-02 00:28:30 [localhost-startStop-1] o.s.web.context.ContextLoader - Root WebApplicationContext: initialization completed in 10623 ms
[INFO ] 2018-09-02 00:28:30 [localhost-startStop-1] o.s.b.w.s.ServletRegistrationBean - Servlet dispatcherServlet mapped to [/]
[INFO ] 2018-09-02 00:28:30 [localhost-startStop-1] o.s.b.w.s.FilterRegistrationBean - Mapping filter: 'characterEncodingFilter' to: [/*]
[INFO ] 2018-09-02 00:28:30 [localhost-startStop-1] o.s.b.w.s.FilterRegistrationBean - Mapping filter: 'hiddenHttpMethodFilter' to: [/*]
[INFO ] 2018-09-02 00:28:30 [localhost-startStop-1] o.s.b.w.s.FilterRegistrationBean - Mapping filter: 'httpPutFormContentFilter' to: [/*]
[INFO ] 2018-09-02 00:28:30 [localhost-startStop-1] o.s.b.w.s.FilterRegistrationBean - Mapping filter: 'requestContextFilter' to: [/*]
[INFO ] 2018-09-02 00:28:30 [localhost-startStop-1] o.s.b.w.s.FilterRegistrationBean - Mapping filter: 'httpTraceFilter' to: [/*]
[INFO ] 2018-09-02 00:28:30 [localhost-startStop-1] o.s.b.w.s.FilterRegistrationBean - Mapping filter: 'webMvcMetricsFilter' to: [/*]
[INFO ] 2018-09-02 00:28:30 [main] o.s.w.s.m.m.a.RequestMappingHandlerAdapter - Looking for @ControllerAdvice: org.springframework.boot.web.servlet.context.AnnotationConfigServletWebServerApplicationContext@63fdab07: startup date [Sun Sep 02 00:28:31 CST 2018]; root of context hierarchy
[INFO ] 2018-09-02 00:28:30 [main] o.s.w.s.m.m.a.RequestMappingHandlerMapping - Mapped "{[/user/add],methods=[POST]}" onto public java.lang.Object com.isheng.web.admin.auth.UserController.add(com.isheng.model.auth.entity.User)
[INFO ] 2018-09-02 00:28:30 [main] o.s.w.s.m.m.a.RequestMappingHandlerMapping - Mapped "{[/user/update],methods=[POST]}" onto public java.lang.Object com.isheng.web.admin.auth.UserController.update(com.isheng.model.auth.entity.User)
[INFO ] 2018-09-02 00:28:30 [main] o.s.w.s.m.m.a.RequestMappingHandlerMapping - Mapped "{[/user/delete]}" onto public java.lang.Object com.isheng.web.admin.auth.UserController.delete(java.lang.String)
[INFO ] 2018-09-02 00:28:30 [main] o.s.w.s.m.m.a.RequestMappingHandlerMapping - Mapped "{[/user/list]}" onto public java.util.concurrent.Callable<java.lang.Object> com.isheng.web.admin.auth.UserController.list(com.isheng.model.auth.request.UserQuery,java.lang.String,java.lang.String)
[INFO ] 2018-09-02 00:28:30 [main] o.s.w.s.m.m.a.RequestMappingHandlerMapping - Mapped "{[/user/detail]}" onto public java.lang.Object com.isheng.web.admin.auth.UserController.detail(java.lang.String)
[INFO ] 2018-09-02 00:28:30 [main] o.s.w.s.m.m.a.RequestMappingHandlerMapping - Mapped "{[/error]}" onto public org.springframework.http.ResponseEntity<java.util.Map<java.lang.String, java.lang.Object>> org.springframework.boot.autoconfigure.web.servlet.error.BasicErrorController.error(javax.servlet.http.HttpServletRequest)
[INFO ] 2018-09-02 00:28:30 [main] o.s.w.s.m.m.a.RequestMappingHandlerMapping - Mapped "{[/error],produces=[text/html]}" onto public org.springframework.web.servlet.ModelAndView org.springframework.boot.autoconfigure.web.servlet.error.BasicErrorController.errorHtml(javax.servlet.http.HttpServletRequest,javax.servlet.http.HttpServletResponse)
[INFO ] 2018-09-02 00:28:30 [main] o.s.w.s.h.SimpleUrlHandlerMapping - Mapped URL path [/webjars/**] onto handler of type [class org.springframework.web.servlet.resource.ResourceHttpRequestHandler]
[INFO ] 2018-09-02 00:28:30 [main] o.s.w.s.h.SimpleUrlHandlerMapping - Mapped URL path [/**] onto handler of type [class org.springframework.web.servlet.resource.ResourceHttpRequestHandler]
[INFO ] 2018-09-02 00:28:30 [main] o.s.b.a.w.s.WelcomePageHandlerMapping - Adding welcome page: ServletContext resource [/index.html]
[INFO ] 2018-09-02 00:28:30 [main] c.a.d.common.logger.LoggerFactory - using logger: com.alibaba.dubbo.common.logger.slf4j.Slf4jLoggerAdapter
[INFO ] 2018-09-02 00:28:30 [main] o.s.b.a.e.web.EndpointLinksResolver - Exposing 2 endpoint(s) beneath base path '/actuator'
[INFO ] 2018-09-02 00:28:30 [main] o.s.b.a.e.w.s.WebMvcEndpointHandlerMapping - Mapped "{[/actuator/health],methods=[GET],produces=[application/vnd.spring-boot.actuator.v2+json || application/json]}" onto public java.lang.Object org.springframework.boot.actuate.endpoint.web.servlet.AbstractWebMvcEndpointHandlerMapping$OperationHandler.handle(javax.servlet.http.HttpServletRequest,java.util.Map<java.lang.String, java.lang.String>)
[INFO ] 2018-09-02 00:28:30 [main] o.s.b.a.e.w.s.WebMvcEndpointHandlerMapping - Mapped "{[/actuator/info],methods=[GET],produces=[application/vnd.spring-boot.actuator.v2+json || application/json]}" onto public java.lang.Object org.springframework.boot.actuate.endpoint.web.servlet.AbstractWebMvcEndpointHandlerMapping$OperationHandler.handle(javax.servlet.http.HttpServletRequest,java.util.Map<java.lang.String, java.lang.String>)
[INFO ] 2018-09-02 00:28:30 [main] o.s.b.a.e.w.s.WebMvcEndpointHandlerMapping - Mapped "{[/actuator],methods=[GET],produces=[application/vnd.spring-boot.actuator.v2+json || application/json]}" onto protected java.util.Map<java.lang.String, java.util.Map<java.lang.String, org.springframework.boot.actuate.endpoint.web.Link>> org.springframework.boot.actuate.endpoint.web.servlet.WebMvcEndpointHandlerMapping.links(javax.servlet.http.HttpServletRequest,javax.servlet.http.HttpServletResponse)
[INFO ] 2018-09-02 00:28:30 [main] o.s.j.e.a.AnnotationMBeanExporter - Registering beans for JMX exposure on startup
[INFO ] 2018-09-02 00:28:30 [main] o.a.coyote.http11.Http11NioProtocol - Starting ProtocolHandler ["http-nio-8881"]
[INFO ] 2018-09-02 00:28:30 [main] o.a.tomcat.util.net.NioSelectorPool - Using a shared selector for servlet write/read
[INFO ] 2018-09-02 00:28:30 [main] o.s.b.w.e.tomcat.TomcatWebServer - Tomcat started on port(s): 8881 (http) with context path ''
[INFO ] 2018-09-02 00:28:30 [main] c.isheng.web.admin.AdminApplication - Started AdminApplication in 22.063 seconds (JVM running for 24.61)
[INFO ] 2018-09-02 00:28:30 [http-nio-8881-exec-1] o.a.c.c.C.[Tomcat].[localhost].[/] - Initializing Spring FrameworkServlet 'dispatcherServlet'
[INFO ] 2018-09-02 00:28:30 [http-nio-8881-exec-1] o.s.web.servlet.DispatcherServlet - FrameworkServlet 'dispatcherServlet': initialization started
[INFO ] 2018-09-02 00:28:30 [http-nio-8881-exec-1] o.s.web.servlet.DispatcherServlet - FrameworkServlet 'dispatcherServlet': initialization completed in 77 ms
[INFO ] 2018-09-02 11:01:24 [main] c.isheng.web.admin.AdminApplication - Starting AdminApplication on hepb92-lenovo with PID 5124 (E:\DevData\GitRepository\mydev\isheng-tkt\isheng-tkt-web\isheng-tkt-web-admin\target\classes started by Administrator in E:\DevData\GitRepository\mydev\isheng-tkt\isheng-tkt-web\isheng-tkt-web-admin)
[INFO ] 2018-09-02 11:01:24 [main] c.isheng.web.admin.AdminApplication - The following profiles are active: dev
[INFO ] 2018-09-02 11:01:24 [main] o.s.b.w.s.c.AnnotationConfigServletWebServerApplicationContext - Refreshing org.springframework.boot.web.servlet.context.AnnotationConfigServletWebServerApplicationContext@18c5069b: startup date [Sun Sep 02 11:01:26 CST 2018]; root of context hierarchy
[INFO ] 2018-09-02 11:01:24 [main] o.s.b.w.e.tomcat.TomcatWebServer - Tomcat initialized with port(s): 8881 (http)
[INFO ] 2018-09-02 11:01:24 [main] o.a.coyote.http11.Http11NioProtocol - Initializing ProtocolHandler ["http-nio-8881"]
[INFO ] 2018-09-02 11:01:24 [main] o.a.catalina.core.StandardService - Starting service [Tomcat]
[INFO ] 2018-09-02 11:01:24 [main] o.a.catalina.core.StandardEngine - Starting Servlet Engine: Apache Tomcat/8.5.31
[INFO ] 2018-09-02 11:01:24 [localhost-startStop-1] o.a.c.core.AprLifecycleListener - The APR based Apache Tomcat Native library which allows optimal performance in production environments was not found on the java.library.path: [D:\dev\Java\jdk1.8\bin;C:\Windows\Sun\Java\bin;C:\Windows\system32;C:\Windows;D:\dev\Java\jdk1.8\jre\bin;D:/dev/Java/jre8/bin/server;D:/dev/Java/jre8/bin;D:/dev/Java/jre8/lib/amd64;C:\Program Files (x86)\Common Files\Oracle\Java\javapath;C:\Windows\system32;C:\Windows;D:\dev\Oracle\product\11.2.0\dbhome_1\bin;D:\dev\apach-maven\apache-maven-3.5.4\bin;D:\dev\Java\jdk1.7\bin;C:\Windows\system32;C:\Windows;C:\Windows\System32\Wbem;C:\Windows\System32\WindowsPowerShell\v1.0\;C:\Program Files (x86)\Intel\Services\IPT\;C:\Program Files (x86)\ATI Technologies\ATI.ACE\Core-Static;D:\dev\MySql\bin;D:\dev\Subversion\bin;D:\dev\Nexus\nexus-2.14.4-03\bin\jsw\windows-x86-64;D:\dev\Git\cmd;D:\dev\SSH;D:\sys\Menu\程序菜单;;.]
[INFO ] 2018-09-02 11:01:24 [localhost-startStop-1] o.a.c.c.C.[Tomcat].[localhost].[/] - Initializing Spring embedded WebApplicationContext
[INFO ] 2018-09-02 11:01:24 [localhost-startStop-1] o.s.web.context.ContextLoader - Root WebApplicationContext: initialization completed in 8479 ms
[INFO ] 2018-09-02 11:01:24 [localhost-startStop-1] o.s.b.w.s.ServletRegistrationBean - Servlet dispatcherServlet mapped to [/]
[INFO ] 2018-09-02 11:01:24 [localhost-startStop-1] o.s.b.w.s.FilterRegistrationBean - Mapping filter: 'characterEncodingFilter' to: [/*]
[INFO ] 2018-09-02 11:01:24 [localhost-startStop-1] o.s.b.w.s.FilterRegistrationBean - Mapping filter: 'hiddenHttpMethodFilter' to: [/*]
[INFO ] 2018-09-02 11:01:24 [localhost-startStop-1] o.s.b.w.s.FilterRegistrationBean - Mapping filter: 'httpPutFormContentFilter' to: [/*]
[INFO ] 2018-09-02 11:01:24 [localhost-startStop-1] o.s.b.w.s.FilterRegistrationBean - Mapping filter: 'requestContextFilter' to: [/*]
[INFO ] 2018-09-02 11:01:24 [localhost-startStop-1] o.s.b.w.s.FilterRegistrationBean - Mapping filter: 'httpTraceFilter' to: [/*]
[INFO ] 2018-09-02 11:01:24 [localhost-startStop-1] o.s.b.w.s.FilterRegistrationBean - Mapping filter: 'webMvcMetricsFilter' to: [/*]
[INFO ] 2018-09-02 11:01:24 [main] o.s.w.s.m.m.a.RequestMappingHandlerAdapter - Looking for @ControllerAdvice: org.springframework.boot.web.servlet.context.AnnotationConfigServletWebServerApplicationContext@18c5069b: startup date [Sun Sep 02 11:01:26 CST 2018]; root of context hierarchy
[INFO ] 2018-09-02 11:01:24 [main] o.s.w.s.m.m.a.RequestMappingHandlerMapping - Mapped "{[/user/add],methods=[POST]}" onto public java.lang.Object com.isheng.web.admin.auth.UserController.add(com.isheng.model.auth.entity.User)
[INFO ] 2018-09-02 11:01:24 [main] o.s.w.s.m.m.a.RequestMappingHandlerMapping - Mapped "{[/user/update],methods=[POST]}" onto public java.lang.Object com.isheng.web.admin.auth.UserController.update(com.isheng.model.auth.entity.User)
[INFO ] 2018-09-02 11:01:24 [main] o.s.w.s.m.m.a.RequestMappingHandlerMapping - Mapped "{[/user/delete]}" onto public java.lang.Object com.isheng.web.admin.auth.UserController.delete(java.lang.String)
[INFO ] 2018-09-02 11:01:24 [main] o.s.w.s.m.m.a.RequestMappingHandlerMapping - Mapped "{[/user/list]}" onto public java.util.concurrent.Callable<java.lang.Object> com.isheng.web.admin.auth.UserController.list(com.isheng.model.auth.request.UserQuery,java.lang.String,java.lang.String)
[INFO ] 2018-09-02 11:01:24 [main] o.s.w.s.m.m.a.RequestMappingHandlerMapping - Mapped "{[/user/detail]}" onto public java.lang.Object com.isheng.web.admin.auth.UserController.detail(java.lang.String)
[INFO ] 2018-09-02 11:01:24 [main] o.s.w.s.m.m.a.RequestMappingHandlerMapping - Mapped "{[/error]}" onto public org.springframework.http.ResponseEntity<java.util.Map<java.lang.String, java.lang.Object>> org.springframework.boot.autoconfigure.web.servlet.error.BasicErrorController.error(javax.servlet.http.HttpServletRequest)
[INFO ] 2018-09-02 11:01:24 [main] o.s.w.s.m.m.a.RequestMappingHandlerMapping - Mapped "{[/error],produces=[text/html]}" onto public org.springframework.web.servlet.ModelAndView org.springframework.boot.autoconfigure.web.servlet.error.BasicErrorController.errorHtml(javax.servlet.http.HttpServletRequest,javax.servlet.http.HttpServletResponse)
[INFO ] 2018-09-02 11:01:24 [main] o.s.w.s.h.SimpleUrlHandlerMapping - Mapped URL path [/webjars/**] onto handler of type [class org.springframework.web.servlet.resource.ResourceHttpRequestHandler]
[INFO ] 2018-09-02 11:01:24 [main] o.s.w.s.h.SimpleUrlHandlerMapping - Mapped URL path [/**] onto handler of type [class org.springframework.web.servlet.resource.ResourceHttpRequestHandler]
[INFO ] 2018-09-02 11:01:24 [main] o.s.b.a.w.s.WelcomePageHandlerMapping - Adding welcome page: ServletContext resource [/index.html]
[INFO ] 2018-09-02 11:01:24 [main] c.a.d.common.logger.LoggerFactory - using logger: com.alibaba.dubbo.common.logger.slf4j.Slf4jLoggerAdapter
[INFO ] 2018-09-02 11:01:24 [main] o.s.b.a.e.web.EndpointLinksResolver - Exposing 2 endpoint(s) beneath base path '/actuator'
[INFO ] 2018-09-02 11:01:24 [main] o.s.b.a.e.w.s.WebMvcEndpointHandlerMapping - Mapped "{[/actuator/health],methods=[GET],produces=[application/vnd.spring-boot.actuator.v2+json || application/json]}" onto public java.lang.Object org.springframework.boot.actuate.endpoint.web.servlet.AbstractWebMvcEndpointHandlerMapping$OperationHandler.handle(javax.servlet.http.HttpServletRequest,java.util.Map<java.lang.String, java.lang.String>)
[INFO ] 2018-09-02 11:01:24 [main] o.s.b.a.e.w.s.WebMvcEndpointHandlerMapping - Mapped "{[/actuator/info],methods=[GET],produces=[application/vnd.spring-boot.actuator.v2+json || application/json]}" onto public java.lang.Object org.springframework.boot.actuate.endpoint.web.servlet.AbstractWebMvcEndpointHandlerMapping$OperationHandler.handle(javax.servlet.http.HttpServletRequest,java.util.Map<java.lang.String, java.lang.String>)
[INFO ] 2018-09-02 11:01:24 [main] o.s.b.a.e.w.s.WebMvcEndpointHandlerMapping - Mapped "{[/actuator],methods=[GET],produces=[application/vnd.spring-boot.actuator.v2+json || application/json]}" onto protected java.util.Map<java.lang.String, java.util.Map<java.lang.String, org.springframework.boot.actuate.endpoint.web.Link>> org.springframework.boot.actuate.endpoint.web.servlet.WebMvcEndpointHandlerMapping.links(javax.servlet.http.HttpServletRequest,javax.servlet.http.HttpServletResponse)
[INFO ] 2018-09-02 11:01:24 [main] o.s.j.e.a.AnnotationMBeanExporter - Registering beans for JMX exposure on startup
[INFO ] 2018-09-02 11:01:24 [main] o.a.coyote.http11.Http11NioProtocol - Starting ProtocolHandler ["http-nio-8881"]
[INFO ] 2018-09-02 11:01:24 [main] o.a.tomcat.util.net.NioSelectorPool - Using a shared selector for servlet write/read
[INFO ] 2018-09-02 11:01:24 [main] o.s.b.w.e.tomcat.TomcatWebServer - Tomcat started on port(s): 8881 (http) with context path ''
[INFO ] 2018-09-02 11:01:24 [main] c.isheng.web.admin.AdminApplication - Started AdminApplication in 19.062 seconds (JVM running for 21.691)
[INFO ] 2018-09-02 11:01:24 [http-nio-8881-exec-1] o.a.c.c.C.[Tomcat].[localhost].[/] - Initializing Spring FrameworkServlet 'dispatcherServlet'
[INFO ] 2018-09-02 11:01:24 [http-nio-8881-exec-1] o.s.web.servlet.DispatcherServlet - FrameworkServlet 'dispatcherServlet': initialization started
[INFO ] 2018-09-02 11:01:24 [http-nio-8881-exec-1] o.s.web.servlet.DispatcherServlet - FrameworkServlet 'dispatcherServlet': initialization completed in 84 ms
[INFO ] 2018-09-02 11:15:09 [main] c.isheng.web.admin.AdminApplication - Starting AdminApplication on hepb92-lenovo with PID 3248 (E:\DevData\GitRepository\mydev\isheng-tkt\isheng-tkt-web\isheng-tkt-web-admin\target\classes started by Administrator in E:\DevData\GitRepository\mydev\isheng-tkt\isheng-tkt-web\isheng-tkt-web-admin)
[INFO ] 2018-09-02 11:15:09 [main] c.isheng.web.admin.AdminApplication - The following profiles are active: dev
[INFO ] 2018-09-02 11:15:09 [main] o.s.b.w.s.c.AnnotationConfigServletWebServerApplicationContext - Refreshing org.springframework.boot.web.servlet.context.AnnotationConfigServletWebServerApplicationContext@7103cb56: startup date [Sun Sep 02 11:15:11 CST 2018]; root of context hierarchy
[INFO ] 2018-09-02 11:15:09 [main] o.s.b.w.e.tomcat.TomcatWebServer - Tomcat initialized with port(s): 8881 (http)
[INFO ] 2018-09-02 11:15:09 [main] o.a.coyote.http11.Http11NioProtocol - Initializing ProtocolHandler ["http-nio-8881"]
[INFO ] 2018-09-02 11:15:09 [main] o.a.catalina.core.StandardService - Starting service [Tomcat]
[INFO ] 2018-09-02 11:15:09 [main] o.a.catalina.core.StandardEngine - Starting Servlet Engine: Apache Tomcat/8.5.31
[INFO ] 2018-09-02 11:15:09 [localhost-startStop-1] o.a.c.core.AprLifecycleListener - The APR based Apache Tomcat Native library which allows optimal performance in production environments was not found on the java.library.path: [D:\dev\Java\jdk1.8\bin;C:\Windows\Sun\Java\bin;C:\Windows\system32;C:\Windows;D:\dev\Java\jdk1.8\jre\bin;D:/dev/Java/jre8/bin/server;D:/dev/Java/jre8/bin;D:/dev/Java/jre8/lib/amd64;C:\Program Files (x86)\Common Files\Oracle\Java\javapath;C:\Windows\system32;C:\Windows;D:\dev\Oracle\product\11.2.0\dbhome_1\bin;D:\dev\apach-maven\apache-maven-3.5.4\bin;D:\dev\Java\jdk1.7\bin;C:\Windows\system32;C:\Windows;C:\Windows\System32\Wbem;C:\Windows\System32\WindowsPowerShell\v1.0\;C:\Program Files (x86)\Intel\Services\IPT\;C:\Program Files (x86)\ATI Technologies\ATI.ACE\Core-Static;D:\dev\MySql\bin;D:\dev\Subversion\bin;D:\dev\Nexus\nexus-2.14.4-03\bin\jsw\windows-x86-64;D:\dev\Git\cmd;D:\dev\SSH;D:\sys\Menu\程序菜单;;.]
[INFO ] 2018-09-02 11:15:09 [localhost-startStop-1] o.a.c.c.C.[Tomcat].[localhost].[/] - Initializing Spring embedded WebApplicationContext
[INFO ] 2018-09-02 11:15:09 [localhost-startStop-1] o.s.web.context.ContextLoader - Root WebApplicationContext: initialization completed in 8599 ms
[INFO ] 2018-09-02 11:15:09 [localhost-startStop-1] o.s.b.w.s.ServletRegistrationBean - Servlet dispatcherServlet mapped to [/]
[INFO ] 2018-09-02 11:15:09 [localhost-startStop-1] o.s.b.w.s.FilterRegistrationBean - Mapping filter: 'characterEncodingFilter' to: [/*]
[INFO ] 2018-09-02 11:15:09 [localhost-startStop-1] o.s.b.w.s.FilterRegistrationBean - Mapping filter: 'hiddenHttpMethodFilter' to: [/*]
[INFO ] 2018-09-02 11:15:09 [localhost-startStop-1] o.s.b.w.s.FilterRegistrationBean - Mapping filter: 'httpPutFormContentFilter' to: [/*]
[INFO ] 2018-09-02 11:15:09 [localhost-startStop-1] o.s.b.w.s.FilterRegistrationBean - Mapping filter: 'requestContextFilter' to: [/*]
[INFO ] 2018-09-02 11:15:09 [localhost-startStop-1] o.s.b.w.s.FilterRegistrationBean - Mapping filter: 'httpTraceFilter' to: [/*]
[INFO ] 2018-09-02 11:15:09 [localhost-startStop-1] o.s.b.w.s.FilterRegistrationBean - Mapping filter: 'webMvcMetricsFilter' to: [/*]
[INFO ] 2018-09-02 11:15:09 [main] o.s.w.s.m.m.a.RequestMappingHandlerAdapter - Looking for @ControllerAdvice: org.springframework.boot.web.servlet.context.AnnotationConfigServletWebServerApplicationContext@7103cb56: startup date [Sun Sep 02 11:15:11 CST 2018]; root of context hierarchy
[INFO ] 2018-09-02 11:15:09 [main] o.s.w.s.m.m.a.RequestMappingHandlerMapping - Mapped "{[/user/add],methods=[POST]}" onto public java.lang.Object com.isheng.web.admin.auth.UserController.add(com.isheng.model.auth.entity.User)
[INFO ] 2018-09-02 11:15:09 [main] o.s.w.s.m.m.a.RequestMappingHandlerMapping - Mapped "{[/user/update],methods=[POST]}" onto public java.lang.Object com.isheng.web.admin.auth.UserController.update(com.isheng.model.auth.entity.User)
[INFO ] 2018-09-02 11:15:09 [main] o.s.w.s.m.m.a.RequestMappingHandlerMapping - Mapped "{[/user/delete]}" onto public java.lang.Object com.isheng.web.admin.auth.UserController.delete(java.lang.String)
[INFO ] 2018-09-02 11:15:09 [main] o.s.w.s.m.m.a.RequestMappingHandlerMapping - Mapped "{[/user/list]}" onto public java.util.concurrent.Callable<java.lang.Object> com.isheng.web.admin.auth.UserController.list(com.isheng.model.auth.request.UserQuery,java.lang.String,java.lang.String)
[INFO ] 2018-09-02 11:15:09 [main] o.s.w.s.m.m.a.RequestMappingHandlerMapping - Mapped "{[/user/detail]}" onto public java.lang.Object com.isheng.web.admin.auth.UserController.detail(java.lang.String)
[INFO ] 2018-09-02 11:15:09 [main] o.s.w.s.m.m.a.RequestMappingHandlerMapping - Mapped "{[/error]}" onto public org.springframework.http.ResponseEntity<java.util.Map<java.lang.String, java.lang.Object>> org.springframework.boot.autoconfigure.web.servlet.error.BasicErrorController.error(javax.servlet.http.HttpServletRequest)
[INFO ] 2018-09-02 11:15:09 [main] o.s.w.s.m.m.a.RequestMappingHandlerMapping - Mapped "{[/error],produces=[text/html]}" onto public org.springframework.web.servlet.ModelAndView org.springframework.boot.autoconfigure.web.servlet.error.BasicErrorController.errorHtml(javax.servlet.http.HttpServletRequest,javax.servlet.http.HttpServletResponse)
[INFO ] 2018-09-02 11:15:09 [main] o.s.w.s.h.SimpleUrlHandlerMapping - Mapped URL path [/webjars/**] onto handler of type [class org.springframework.web.servlet.resource.ResourceHttpRequestHandler]
[INFO ] 2018-09-02 11:15:09 [main] o.s.w.s.h.SimpleUrlHandlerMapping - Mapped URL path [/**] onto handler of type [class org.springframework.web.servlet.resource.ResourceHttpRequestHandler]
[INFO ] 2018-09-02 11:15:09 [main] o.s.b.a.w.s.WelcomePageHandlerMapping - Adding welcome page: ServletContext resource [/index.html]
[INFO ] 2018-09-02 11:15:09 [main] c.a.d.common.logger.LoggerFactory - using logger: com.alibaba.dubbo.common.logger.slf4j.Slf4jLoggerAdapter
[INFO ] 2018-09-02 11:15:09 [main] o.s.b.a.e.web.EndpointLinksResolver - Exposing 2 endpoint(s) beneath base path '/actuator'
[INFO ] 2018-09-02 11:15:09 [main] o.s.b.a.e.w.s.WebMvcEndpointHandlerMapping - Mapped "{[/actuator/health],methods=[GET],produces=[application/vnd.spring-boot.actuator.v2+json || application/json]}" onto public java.lang.Object org.springframework.boot.actuate.endpoint.web.servlet.AbstractWebMvcEndpointHandlerMapping$OperationHandler.handle(javax.servlet.http.HttpServletRequest,java.util.Map<java.lang.String, java.lang.String>)
[INFO ] 2018-09-02 11:15:09 [main] o.s.b.a.e.w.s.WebMvcEndpointHandlerMapping - Mapped "{[/actuator/info],methods=[GET],produces=[application/vnd.spring-boot.actuator.v2+json || application/json]}" onto public java.lang.Object org.springframework.boot.actuate.endpoint.web.servlet.AbstractWebMvcEndpointHandlerMapping$OperationHandler.handle(javax.servlet.http.HttpServletRequest,java.util.Map<java.lang.String, java.lang.String>)
[INFO ] 2018-09-02 11:15:09 [main] o.s.b.a.e.w.s.WebMvcEndpointHandlerMapping - Mapped "{[/actuator],methods=[GET],produces=[application/vnd.spring-boot.actuator.v2+json || application/json]}" onto protected java.util.Map<java.lang.String, java.util.Map<java.lang.String, org.springframework.boot.actuate.endpoint.web.Link>> org.springframework.boot.actuate.endpoint.web.servlet.WebMvcEndpointHandlerMapping.links(javax.servlet.http.HttpServletRequest,javax.servlet.http.HttpServletResponse)
[INFO ] 2018-09-02 11:15:09 [main] o.s.j.e.a.AnnotationMBeanExporter - Registering beans for JMX exposure on startup
[INFO ] 2018-09-02 11:15:09 [main] o.a.coyote.http11.Http11NioProtocol - Starting ProtocolHandler ["http-nio-8881"]
[INFO ] 2018-09-02 11:15:09 [main] o.a.tomcat.util.net.NioSelectorPool - Using a shared selector for servlet write/read
[INFO ] 2018-09-02 11:15:09 [main] o.s.b.w.e.tomcat.TomcatWebServer - Tomcat started on port(s): 8881 (http) with context path ''
[INFO ] 2018-09-02 11:15:09 [main] c.isheng.web.admin.AdminApplication - Started AdminApplication in 20.45 seconds (JVM running for 22.985)
[INFO ] 2018-09-02 11:15:09 [http-nio-8881-exec-4] o.a.tomcat.util.http.parser.Cookie - A cookie header was received [.\.\.\.\.\.dubbo/com.isheng.dao.service.auth.MenuDao..../governance/services/dubbo/com.isheng.dao.service.auth.MenuDao/providers"; tmp0=eNpdUE1PAjEQDV9CNEa9ejLEk4HN7tayhNvKh6h8KQLRi3bbWah2t9guIBp%2Fjv%2FTgvHiHGYmM2%2Fee5n2Hl0oBXEy0qDqdpnKyCKCByQgFlsEgbQUTLlO1Noyq0jGFpMR4bG1wX8XFibHJILCnGi9kopllRSQpwpIIlUeYhIIYNkNZJfBnKgkMlo5MBQiN5%2FJGPJGLSHidUdISgQcGsIlpzBQfMkFTCHNWUHOQW34Dv4anzEFWmcjrvXR%2Fwud4Uz%2FWgBWiCTjIQeWieXq2biTiX0ShCTEFey5DFHqYRR6gQ0IO1XXtZFrh6m73v0W2jOR%2FpilzkxtvR2%2FkCWxFgkXlq8UWevTbemY92wRvf1hczi86veeuv1Gs2NPPjmrFYeNRttv18%2FLFwP0MO6MvVs8qE4ux91RF42c8k190PL9znXZLpZoUnMwwi5GHvKw45QI3Q6quOqgSsXDpei9Zn89%2FgCYM5B7] that contained an invalid cookie. That cookie will be ignored.Note: further occurrences of this error will be logged at DEBUG level.
[INFO ] 2018-09-02 11:15:09 [http-nio-8881-exec-4] o.a.c.c.C.[Tomcat].[localhost].[/] - Initializing Spring FrameworkServlet 'dispatcherServlet'
[INFO ] 2018-09-02 11:15:09 [http-nio-8881-exec-4] o.s.web.servlet.DispatcherServlet - FrameworkServlet 'dispatcherServlet': initialization started
[INFO ] 2018-09-02 11:15:09 [http-nio-8881-exec-4] o.s.web.servlet.DispatcherServlet - FrameworkServlet 'dispatcherServlet': initialization completed in 85 ms
[INFO ] 2018-09-02 11:24:48 [main] c.isheng.web.admin.AdminApplication - Starting AdminApplication on hepb92-lenovo with PID 2760 (E:\DevData\GitRepository\mydev\isheng-tkt\isheng-tkt-web\isheng-tkt-web-admin\target\classes started by Administrator in E:\DevData\GitRepository\mydev\isheng-tkt\isheng-tkt-web\isheng-tkt-web-admin)
[INFO ] 2018-09-02 11:24:48 [main] c.isheng.web.admin.AdminApplication - The following profiles are active: dev
[INFO ] 2018-09-02 11:24:48 [main] o.s.b.w.s.c.AnnotationConfigServletWebServerApplicationContext - Refreshing org.springframework.boot.web.servlet.context.AnnotationConfigServletWebServerApplicationContext@19553973: startup date [Sun Sep 02 11:24:49 CST 2018]; root of context hierarchy
[INFO ] 2018-09-02 11:24:48 [main] o.s.c.s.PostProcessorRegistrationDelegate$BeanPostProcessorChecker - Bean 'org.springframework.boot.context.properties.ConversionServiceDeducer$Factory' of type [org.springframework.boot.context.properties.ConversionServiceDeducer$Factory] is not eligible for getting processed by all BeanPostProcessors (for example: not eligible for auto-proxying)
[INFO ] 2018-09-02 11:24:48 [main] o.s.c.s.PostProcessorRegistrationDelegate$BeanPostProcessorChecker - Bean 'spring.dubbo-com.alibaba.dubbo.spring.boot.DubboProperties' of type [com.alibaba.dubbo.spring.boot.DubboProperties] is not eligible for getting processed by all BeanPostProcessors (for example: not eligible for auto-proxying)
[INFO ] 2018-09-02 11:24:48 [main] o.s.c.s.PostProcessorRegistrationDelegate$BeanPostProcessorChecker - Bean 'com.alibaba.dubbo.spring.boot.DubboAutoConfiguration' of type [com.alibaba.dubbo.spring.boot.DubboAutoConfiguration$$EnhancerBySpringCGLIB$$eef75c6a] is not eligible for getting processed by all BeanPostProcessors (for example: not eligible for auto-proxying)
[INFO ] 2018-09-02 11:24:48 [main] c.a.d.common.logger.LoggerFactory - using logger: com.alibaba.dubbo.common.logger.slf4j.Slf4jLoggerAdapter
[INFO ] 2018-09-02 11:24:48 [main] o.s.c.s.PostProcessorRegistrationDelegate$BeanPostProcessorChecker - Bean 'dubboApplicationConfig' of type [com.alibaba.dubbo.config.ApplicationConfig] is not eligible for getting processed by all BeanPostProcessors (for example: not eligible for auto-proxying)
[INFO ] 2018-09-02 11:24:48 [main] o.s.c.s.PostProcessorRegistrationDelegate$BeanPostProcessorChecker - Bean 'dubboRegistryConfig' of type [com.alibaba.dubbo.config.RegistryConfig] is not eligible for getting processed by all BeanPostProcessors (for example: not eligible for auto-proxying)
[INFO ] 2018-09-02 11:24:48 [main] o.s.c.s.PostProcessorRegistrationDelegate$BeanPostProcessorChecker - Bean 'com.alibaba.dubbo.spring.boot.DubboConsumerAutoConfiguration' of type [com.alibaba.dubbo.spring.boot.DubboConsumerAutoConfiguration$$EnhancerBySpringCGLIB$$bb3caa54] is not eligible for getting processed by all BeanPostProcessors (for example: not eligible for auto-proxying)
[INFO ] 2018-09-02 11:24:48 [main] o.s.b.w.e.tomcat.TomcatWebServer - Tomcat initialized with port(s): 8881 (http)
[INFO ] 2018-09-02 11:24:48 [main] o.a.coyote.http11.Http11NioProtocol - Initializing ProtocolHandler ["http-nio-8881"]
[INFO ] 2018-09-02 11:24:48 [main] o.a.catalina.core.StandardService - Starting service [Tomcat]
[INFO ] 2018-09-02 11:24:48 [main] o.a.catalina.core.StandardEngine - Starting Servlet Engine: Apache Tomcat/8.5.31
[INFO ] 2018-09-02 11:24:48 [localhost-startStop-1] o.a.c.core.AprLifecycleListener - The APR based Apache Tomcat Native library which allows optimal performance in production environments was not found on the java.library.path: [D:\dev\Java\jdk1.8\bin;C:\Windows\Sun\Java\bin;C:\Windows\system32;C:\Windows;D:\dev\Java\jdk1.8\jre\bin;D:/dev/Java/jre8/bin/server;D:/dev/Java/jre8/bin;D:/dev/Java/jre8/lib/amd64;C:\Program Files (x86)\Common Files\Oracle\Java\javapath;C:\Windows\system32;C:\Windows;D:\dev\Oracle\product\11.2.0\dbhome_1\bin;D:\dev\apach-maven\apache-maven-3.5.4\bin;D:\dev\Java\jdk1.7\bin;C:\Windows\system32;C:\Windows;C:\Windows\System32\Wbem;C:\Windows\System32\WindowsPowerShell\v1.0\;C:\Program Files (x86)\Intel\Services\IPT\;C:\Program Files (x86)\ATI Technologies\ATI.ACE\Core-Static;D:\dev\MySql\bin;D:\dev\Subversion\bin;D:\dev\Nexus\nexus-2.14.4-03\bin\jsw\windows-x86-64;D:\dev\Git\cmd;D:\dev\SSH;D:\sys\Menu\程序菜单;;.]
[INFO ] 2018-09-02 11:24:48 [localhost-startStop-1] o.a.c.c.C.[Tomcat].[localhost].[/] - Initializing Spring embedded WebApplicationContext
[INFO ] 2018-09-02 11:24:48 [localhost-startStop-1] o.s.web.context.ContextLoader - Root WebApplicationContext: initialization completed in 8470 ms
[INFO ] 2018-09-02 11:24:48 [localhost-startStop-1] o.s.b.w.s.ServletRegistrationBean - Servlet dispatcherServlet mapped to [/]
[INFO ] 2018-09-02 11:24:48 [localhost-startStop-1] o.s.b.w.s.FilterRegistrationBean - Mapping filter: 'characterEncodingFilter' to: [/*]
[INFO ] 2018-09-02 11:24:48 [localhost-startStop-1] o.s.b.w.s.FilterRegistrationBean - Mapping filter: 'hiddenHttpMethodFilter' to: [/*]
[INFO ] 2018-09-02 11:24:48 [localhost-startStop-1] o.s.b.w.s.FilterRegistrationBean - Mapping filter: 'httpPutFormContentFilter' to: [/*]
[INFO ] 2018-09-02 11:24:48 [localhost-startStop-1] o.s.b.w.s.FilterRegistrationBean - Mapping filter: 'requestContextFilter' to: [/*]
[INFO ] 2018-09-02 11:24:48 [localhost-startStop-1] o.s.b.w.s.FilterRegistrationBean - Mapping filter: 'httpTraceFilter' to: [/*]
[INFO ] 2018-09-02 11:24:48 [localhost-startStop-1] o.s.b.w.s.FilterRegistrationBean - Mapping filter: 'webMvcMetricsFilter' to: [/*]
[INFO ] 2018-09-02 11:24:48 [main] c.a.d.c.concurrent.ExecutionList -  [DUBBO] Executor for listenablefuture is null, will use default executor!, dubbo version: 2.6.0, current host: 169.254.23.8
[INFO ] 2018-09-02 11:24:48 [ZkClient-EventThread-25-127.0.0.1:2181] org.I0Itec.zkclient.ZkEventThread - Starting ZkClient event thread.
[INFO ] 2018-09-02 11:24:48 [DubboZkclientConnector] org.apache.zookeeper.ZooKeeper - Client environment:zookeeper.version=3.4.6-1569965, built on 02/20/2014 09:09 GMT
[INFO ] 2018-09-02 11:24:48 [DubboZkclientConnector] org.apache.zookeeper.ZooKeeper - Client environment:host.name=hepb92-lenovo
[INFO ] 2018-09-02 11:24:48 [DubboZkclientConnector] org.apache.zookeeper.ZooKeeper - Client environment:java.version=1.8.0_171
[INFO ] 2018-09-02 11:24:48 [DubboZkclientConnector] org.apache.zookeeper.ZooKeeper - Client environment:java.vendor=Oracle Corporation
[INFO ] 2018-09-02 11:24:48 [DubboZkclientConnector] org.apache.zookeeper.ZooKeeper - Client environment:java.home=D:\dev\Java\jdk1.8\jre
[INFO ] 2018-09-02 11:24:48 [DubboZkclientConnector] org.apache.zookeeper.ZooKeeper - Client environment:java.class.path=D:\dev\Java\jdk1.8\jre\lib\resources.jar;D:\dev\Java\jdk1.8\jre\lib\rt.jar;D:\dev\Java\jdk1.8\jre\lib\jsse.jar;D:\dev\Java\jdk1.8\jre\lib\jce.jar;D:\dev\Java\jdk1.8\jre\lib\charsets.jar;D:\dev\Java\jdk1.8\jre\lib\jfr.jar;D:\dev\Java\jdk1.8\jre\lib\ext\access-bridge-64.jar;D:\dev\Java\jdk1.8\jre\lib\ext\cldrdata.jar;D:\dev\Java\jdk1.8\jre\lib\ext\dnsns.jar;D:\dev\Java\jdk1.8\jre\lib\ext\jaccess.jar;D:\dev\Java\jdk1.8\jre\lib\ext\jfxrt.jar;D:\dev\Java\jdk1.8\jre\lib\ext\localedata.jar;D:\dev\Java\jdk1.8\jre\lib\ext\nashorn.jar;D:\dev\Java\jdk1.8\jre\lib\ext\sunec.jar;D:\dev\Java\jdk1.8\jre\lib\ext\sunjce_provider.jar;D:\dev\Java\jdk1.8\jre\lib\ext\sunmscapi.jar;D:\dev\Java\jdk1.8\jre\lib\ext\sunpkcs11.jar;D:\dev\Java\jdk1.8\jre\lib\ext\zipfs.jar;E:\DevData\GitRepository\mydev\isheng-tkt\isheng-tkt-web\isheng-tkt-web-admin\target\classes;E:\DevData\GitRepository\mydev\isheng-tkt\isheng-tkt-service\isheng-tkt-service-auth\target\classes;D:\dev\apach-maven\maven-repository\org\apache\shiro\shiro-web\1.2.4\shiro-web-1.2.4.jar;D:\dev\apach-maven\maven-repository\org\apache\shiro\shiro-core\1.2.4\shiro-core-1.2.4.jar;D:\dev\apach-maven\maven-repository\commons-beanutils\commons-beanutils\1.8.3\commons-beanutils-1.8.3.jar;D:\dev\apach-maven\maven-repository\org\apache\shiro\shiro-spring\1.2.4\shiro-spring-1.2.4.jar;D:\dev\apach-maven\maven-repository\org\apache\shiro\shiro-ehcache\1.2.4\shiro-ehcache-1.2.4.jar;D:\dev\apach-maven\maven-repository\net\sf\ehcache\ehcache-core\2.5.0\ehcache-core-2.5.0.jar;E:\DevData\GitRepository\mydev\isheng-tkt\isheng-tkt-dao\target\classes;E:\DevData\GitRepository\mydev\isheng-tkt\isheng-tkt-common\target\classes;D:\dev\apach-maven\maven-repository\com\alibaba\fastjson\1.2.32\fastjson-1.2.32.jar;D:\dev\apach-maven\maven-repository\org\apache\commons\commons-lang3\3.7\commons-lang3-3.7.jar;D:\dev\apach-maven\maven-repository\commons-codec\commons-codec\1.11\commons-codec-1.11.jar;E:\DevData\GitRepository\mydev\isheng-tkt\isheng-tkt-model\target\classes;D:\dev\apach-maven\maven-repository\org\springframework\boot\spring-boot-starter-web\2.0.3.RELEASE\spring-boot-starter-web-2.0.3.RELEASE.jar;D:\dev\apach-maven\maven-repository\org\springframework\boot\spring-boot-starter\2.0.3.RELEASE\spring-boot-starter-2.0.3.RELEASE.jar;D:\dev\apach-maven\maven-repository\org\springframework\boot\spring-boot\2.0.3.RELEASE\spring-boot-2.0.3.RELEASE.jar;D:\dev\apach-maven\maven-repository\org\springframework\boot\spring-boot-autoconfigure\2.0.3.RELEASE\spring-boot-autoconfigure-2.0.3.RELEASE.jar;D:\dev\apach-maven\maven-repository\org\springframework\boot\spring-boot-starter-logging\2.0.3.RELEASE\spring-boot-starter-logging-2.0.3.RELEASE.jar;D:\dev\apach-maven\maven-repository\ch\qos\logback\logback-classic\1.2.3\logback-classic-1.2.3.jar;D:\dev\apach-maven\maven-repository\ch\qos\logback\logback-core\1.2.3\logback-core-1.2.3.jar;D:\dev\apach-maven\maven-repository\org\apache\logging\log4j\log4j-to-slf4j\2.10.0\log4j-to-slf4j-2.10.0.jar;D:\dev\apach-maven\maven-repository\org\apache\logging\log4j\log4j-api\2.10.0\log4j-api-2.10.0.jar;D:\dev\apach-maven\maven-repository\org\slf4j\jul-to-slf4j\1.7.25\jul-to-slf4j-1.7.25.jar;D:\dev\apach-maven\maven-repository\org\yaml\snakeyaml\1.19\snakeyaml-1.19.jar;D:\dev\apach-maven\maven-repository\org\springframework\boot\spring-boot-starter-json\2.0.3.RELEASE\spring-boot-starter-json-2.0.3.RELEASE.jar;D:\dev\apach-maven\maven-repository\com\fasterxml\jackson\core\jackson-databind\2.9.6\jackson-databind-2.9.6.jar;D:\dev\apach-maven\maven-repository\com\fasterxml\jackson\core\jackson-annotations\2.9.0\jackson-annotations-2.9.0.jar;D:\dev\apach-maven\maven-repository\com\fasterxml\jackson\core\jackson-core\2.9.6\jackson-core-2.9.6.jar;D:\dev\apach-maven\maven-repository\com\fasterxml\jackson\datatype\jackson-datatype-jdk8\2.9.6\jackson-datatype-jdk8-2.9.6.jar;D:\dev\apach-maven\maven-repository\com\fasterxml\jackson\datatype\jackson-datatype-jsr310\2.9.6\jackson-datatype-jsr310-2.9.6.jar;D:\dev\apach-maven\maven-repository\com\fasterxml\jackson\module\jackson-module-parameter-names\2.9.6\jackson-module-parameter-names-2.9.6.jar;D:\dev\apach-maven\maven-repository\org\hibernate\validator\hibernate-validator\6.0.10.Final\hibernate-validator-6.0.10.Final.jar;D:\dev\apach-maven\maven-repository\javax\validation\validation-api\2.0.1.Final\validation-api-2.0.1.Final.jar;D:\dev\apach-maven\maven-repository\org\jboss\logging\jboss-logging\3.3.2.Final\jboss-logging-3.3.2.Final.jar;D:\dev\apach-maven\maven-repository\com\fasterxml\classmate\1.3.4\classmate-1.3.4.jar;D:\dev\apach-maven\maven-repository\org\springframework\spring-web\5.0.7.RELEASE\spring-web-5.0.7.RELEASE.jar;D:\dev\apach-maven\maven-repository\org\springframework\spring-beans\5.0.7.RELEASE\spring-beans-5.0.7.RELEASE.jar;D:\dev\apach-maven\maven-repository\org\springframework\spring-webmvc\5.0.7.RELEASE\spring-webmvc-5.0.7.RELEASE.jar;D:\dev\apach-maven\maven-repository\org\springframework\spring-context\5.0.7.RELEASE\spring-context-5.0.7.RELEASE.jar;D:\dev\apach-maven\maven-repository\org\springframework\spring-expression\5.0.7.RELEASE\spring-expression-5.0.7.RELEASE.jar;D:\dev\apach-maven\maven-repository\org\springframework\boot\spring-boot-starter-actuator\2.0.3.RELEASE\spring-boot-starter-actuator-2.0.3.RELEASE.jar;D:\dev\apach-maven\maven-repository\org\springframework\boot\spring-boot-actuator-autoconfigure\2.0.3.RELEASE\spring-boot-actuator-autoconfigure-2.0.3.RELEASE.jar;D:\dev\apach-maven\maven-repository\org\springframework\boot\spring-boot-actuator\2.0.3.RELEASE\spring-boot-actuator-2.0.3.RELEASE.jar;D:\dev\apach-maven\maven-repository\io\micrometer\micrometer-core\1.0.5\micrometer-core-1.0.5.jar;D:\dev\apach-maven\maven-repository\org\hdrhistogram\HdrHistogram\2.1.10\HdrHistogram-2.1.10.jar;D:\dev\apach-maven\maven-repository\org\latencyutils\LatencyUtils\2.0.3\LatencyUtils-2.0.3.jar;D:\dev\apach-maven\maven-repository\org\springframework\boot\spring-boot-starter-tomcat\2.0.3.RELEASE\spring-boot-starter-tomcat-2.0.3.RELEASE.jar;D:\dev\apach-maven\maven-repository\javax\annotation\javax.annotation-api\1.3.2\javax.annotation-api-1.3.2.jar;D:\dev\apach-maven\maven-repository\org\apache\tomcat\embed\tomcat-embed-core\8.5.31\tomcat-embed-core-8.5.31.jar;D:\dev\apach-maven\maven-repository\org\apache\tomcat\embed\tomcat-embed-el\8.5.31\tomcat-embed-el-8.5.31.jar;D:\dev\apach-maven\maven-repository\org\apache\tomcat\embed\tomcat-embed-websocket\8.5.31\tomcat-embed-websocket-8.5.31.jar;D:\dev\apach-maven\maven-repository\org\springframework\boot\spring-boot-starter-aop\2.0.3.RELEASE\spring-boot-starter-aop-2.0.3.RELEASE.jar;D:\dev\apach-maven\maven-repository\org\springframework\spring-aop\5.0.7.RELEASE\spring-aop-5.0.7.RELEASE.jar;D:\dev\apach-maven\maven-repository\org\aspectj\aspectjweaver\1.8.13\aspectjweaver-1.8.13.jar;D:\dev\apach-maven\maven-repository\com\alibaba\spring\boot\dubbo-spring-boot-starter\1.0.1\dubbo-spring-boot-starter-1.0.1.jar;D:\dev\apach-maven\maven-repository\com\alibaba\dubbo\2.6.0\dubbo-2.6.0.jar;D:\dev\apach-maven\maven-repository\org\javassist\javassist\3.20.0-GA\javassist-3.20.0-GA.jar;D:\dev\apach-maven\maven-repository\org\jboss\netty\netty\3.2.5.Final\netty-3.2.5.Final.jar;D:\dev\apach-maven\maven-repository\org\apache\zookeeper\zookeeper\3.4.6\zookeeper-3.4.6.jar;D:\dev\apach-maven\maven-repository\org\slf4j\slf4j-api\1.7.25\slf4j-api-1.7.25.jar;D:\dev\apach-maven\maven-repository\jline\jline\0.9.94\jline-0.9.94.jar;D:\dev\apach-maven\maven-repository\io\netty\netty\3.7.0.Final\netty-3.7.0.Final.jar;D:\dev\apach-maven\maven-repository\com\101tec\zkclient\0.10\zkclient-0.10.jar;D:\dev\apach-maven\maven-repository\junit\junit\4.12\junit-4.12.jar;D:\dev\apach-maven\maven-repository\org\hamcrest\hamcrest-core\1.3\hamcrest-core-1.3.jar;D:\dev\apach-maven\maven-repository\org\springframework\spring-core\5.0.7.RELEASE\spring-core-5.0.7.RELEASE.jar;D:\dev\apach-maven\maven-repository\org\springframework\spring-jcl\5.0.7.RELEASE\spring-jcl-5.0.7.RELEASE.jar;D:\dev\IDE\eclipse\configuration\org.eclipse.osgi\418\0\.cp\lib\javaagent-shaded.jar
[INFO ] 2018-09-02 11:24:48 [DubboZkclientConnector] org.apache.zookeeper.ZooKeeper - Client environment:java.library.path=D:\dev\Java\jdk1.8\bin;C:\Windows\Sun\Java\bin;C:\Windows\system32;C:\Windows;D:\dev\Java\jdk1.8\jre\bin;D:/dev/Java/jre8/bin/server;D:/dev/Java/jre8/bin;D:/dev/Java/jre8/lib/amd64;C:\Program Files (x86)\Common Files\Oracle\Java\javapath;C:\Windows\system32;C:\Windows;D:\dev\Oracle\product\11.2.0\dbhome_1\bin;D:\dev\apach-maven\apache-maven-3.5.4\bin;D:\dev\Java\jdk1.7\bin;C:\Windows\system32;C:\Windows;C:\Windows\System32\Wbem;C:\Windows\System32\WindowsPowerShell\v1.0\;C:\Program Files (x86)\Intel\Services\IPT\;C:\Program Files (x86)\ATI Technologies\ATI.ACE\Core-Static;D:\dev\MySql\bin;D:\dev\Subversion\bin;D:\dev\Nexus\nexus-2.14.4-03\bin\jsw\windows-x86-64;D:\dev\Git\cmd;D:\dev\SSH;D:\sys\Menu\程序菜单;;.
[INFO ] 2018-09-02 11:24:48 [DubboZkclientConnector] org.apache.zookeeper.ZooKeeper - Client environment:java.io.tmpdir=C:\Users\ADMINI~1\AppData\Local\Temp\
[INFO ] 2018-09-02 11:24:48 [DubboZkclientConnector] org.apache.zookeeper.ZooKeeper - Client environment:java.compiler=<NA>
[INFO ] 2018-09-02 11:24:48 [DubboZkclientConnector] org.apache.zookeeper.ZooKeeper - Client environment:os.name=Windows 7
[INFO ] 2018-09-02 11:24:48 [DubboZkclientConnector] org.apache.zookeeper.ZooKeeper - Client environment:os.arch=amd64
[INFO ] 2018-09-02 11:24:48 [DubboZkclientConnector] org.apache.zookeeper.ZooKeeper - Client environment:os.version=6.1
[INFO ] 2018-09-02 11:24:48 [DubboZkclientConnector] org.apache.zookeeper.ZooKeeper - Client environment:user.name=Administrator
[INFO ] 2018-09-02 11:24:48 [DubboZkclientConnector] org.apache.zookeeper.ZooKeeper - Client environment:user.home=C:\Users\Administrator
[INFO ] 2018-09-02 11:24:48 [DubboZkclientConnector] org.apache.zookeeper.ZooKeeper - Client environment:user.dir=E:\DevData\GitRepository\mydev\isheng-tkt\isheng-tkt-web\isheng-tkt-web-admin
[INFO ] 2018-09-02 11:24:48 [DubboZkclientConnector] org.apache.zookeeper.ZooKeeper - Initiating client connection, connectString=127.0.0.1:2181 sessionTimeout=30000 watcher=org.I0Itec.zkclient.ZkClient@7e34cfbe
[INFO ] 2018-09-02 11:24:48 [DubboZkclientConnector] org.I0Itec.zkclient.ZkClient - Waiting for keeper state SyncConnected
[INFO ] 2018-09-02 11:24:48 [DubboZkclientConnector-SendThread(127.0.0.1:2181)] org.apache.zookeeper.ClientCnxn - Opening socket connection to server 127.0.0.1/127.0.0.1:2181. Will not attempt to authenticate using SASL (unknown error)
[INFO ] 2018-09-02 11:24:48 [DubboZkclientConnector-SendThread(127.0.0.1:2181)] org.apache.zookeeper.ClientCnxn - Socket connection established to 127.0.0.1/127.0.0.1:2181, initiating session
[INFO ] 2018-09-02 11:24:48 [DubboZkclientConnector-SendThread(127.0.0.1:2181)] org.apache.zookeeper.ClientCnxn - Session establishment complete on server 127.0.0.1/127.0.0.1:2181, sessionid = 0x165982f91e40009, negotiated timeout = 30000
[INFO ] 2018-09-02 11:24:48 [DubboZkclientConnector-EventThread] org.I0Itec.zkclient.ZkClient - zookeeper state changed (SyncConnected)
[INFO ] 2018-09-02 11:24:48 [main] c.a.d.r.zookeeper.ZookeeperRegistry -  [DUBBO] Register: consumer://169.254.23.8/com.isheng.service.auth.UserService?application=isheng-web-admin&category=consumers&check=false&dubbo=2.6.0&group=dubbo&interface=com.isheng.service.auth.UserService&methods=add,getById,getList,deleteById,update,getCount&pid=2760&side=consumer&timestamp=1535858701859, dubbo version: 2.6.0, current host: 169.254.23.8
[INFO ] 2018-09-02 11:24:48 [main] c.a.d.r.zookeeper.ZookeeperRegistry -  [DUBBO] Subscribe: consumer://169.254.23.8/com.isheng.service.auth.UserService?application=isheng-web-admin&category=providers,configurators,routers&dubbo=2.6.0&group=dubbo&interface=com.isheng.service.auth.UserService&methods=add,getById,getList,deleteById,update,getCount&pid=2760&side=consumer&timestamp=1535858701859, dubbo version: 2.6.0, current host: 169.254.23.8
[INFO ] 2018-09-02 11:24:48 [main] c.a.d.r.zookeeper.ZookeeperRegistry -  [DUBBO] Notify urls for subscribe url consumer://169.254.23.8/com.isheng.service.auth.UserService?application=isheng-web-admin&category=providers,configurators,routers&dubbo=2.6.0&group=dubbo&interface=com.isheng.service.auth.UserService&methods=add,getById,getList,deleteById,update,getCount&pid=2760&side=consumer&timestamp=1535858701859, urls: [dubbo://169.254.23.8:29981/com.isheng.service.auth.UserService?anyhost=true&application=isheng-service-auth&dubbo=2.6.0&generic=false&group=dubbo&interface=com.isheng.service.auth.UserService&methods=add,getById,getList,deleteById,update,getCount&pid=6648&side=provider&threads=20&timestamp=1535858674423, empty://169.254.23.8/com.isheng.service.auth.UserService?application=isheng-web-admin&category=configurators&dubbo=2.6.0&group=dubbo&interface=com.isheng.service.auth.UserService&methods=add,getById,getList,deleteById,update,getCount&pid=2760&side=consumer&timestamp=1535858701859, empty://169.254.23.8/com.isheng.service.auth.UserService?application=isheng-web-admin&category=routers&dubbo=2.6.0&group=dubbo&interface=com.isheng.service.auth.UserService&methods=add,getById,getList,deleteById,update,getCount&pid=2760&side=consumer&timestamp=1535858701859], dubbo version: 2.6.0, current host: 169.254.23.8
[INFO ] 2018-09-02 11:24:48 [main] c.a.d.r.transport.AbstractClient -  [DUBBO] Successed connect to server /169.254.23.8:29981 from NettyClient 169.254.23.8 using dubbo version 2.6.0, channel is NettyChannel [channel=[id: 0x7186b202, /169.254.23.8:2070 => /169.254.23.8:29981]], dubbo version: 2.6.0, current host: 169.254.23.8
[INFO ] 2018-09-02 11:24:48 [main] c.a.d.r.transport.AbstractClient -  [DUBBO] Start NettyClient hepb92-lenovo/169.254.23.8 connect to the server /169.254.23.8:29981, dubbo version: 2.6.0, current host: 169.254.23.8
[INFO ] 2018-09-02 11:24:48 [main] c.a.dubbo.config.AbstractConfig -  [DUBBO] Refer dubbo service com.isheng.service.auth.UserService from url zookeeper://127.0.0.1:2181/com.alibaba.dubbo.registry.RegistryService?anyhost=true&application=isheng-web-admin&check=false&dubbo=2.6.0&generic=false&group=dubbo&interface=com.isheng.service.auth.UserService&methods=add,getById,getList,deleteById,update,getCount&pid=2760&register.ip=169.254.23.8&remote.timestamp=1535858674423&side=consumer&timestamp=1535858701859, dubbo version: 2.6.0, current host: 169.254.23.8
[INFO ] 2018-09-02 11:24:48 [main] o.s.w.s.m.m.a.RequestMappingHandlerAdapter - Looking for @ControllerAdvice: org.springframework.boot.web.servlet.context.AnnotationConfigServletWebServerApplicationContext@19553973: startup date [Sun Sep 02 11:24:49 CST 2018]; root of context hierarchy
[INFO ] 2018-09-02 11:24:48 [main] o.s.w.s.m.m.a.RequestMappingHandlerMapping - Mapped "{[/user/add],methods=[POST]}" onto public java.lang.Object com.isheng.web.admin.auth.UserController.add(com.isheng.model.auth.entity.User)
[INFO ] 2018-09-02 11:24:48 [main] o.s.w.s.m.m.a.RequestMappingHandlerMapping - Mapped "{[/user/update],methods=[POST]}" onto public java.lang.Object com.isheng.web.admin.auth.UserController.update(com.isheng.model.auth.entity.User)
[INFO ] 2018-09-02 11:24:48 [main] o.s.w.s.m.m.a.RequestMappingHandlerMapping - Mapped "{[/user/delete]}" onto public java.lang.Object com.isheng.web.admin.auth.UserController.delete(java.lang.String)
[INFO ] 2018-09-02 11:24:48 [main] o.s.w.s.m.m.a.RequestMappingHandlerMapping - Mapped "{[/user/list]}" onto public java.util.concurrent.Callable<java.lang.Object> com.isheng.web.admin.auth.UserController.list(com.isheng.model.auth.request.UserQuery,java.lang.String,java.lang.String)
[INFO ] 2018-09-02 11:24:48 [main] o.s.w.s.m.m.a.RequestMappingHandlerMapping - Mapped "{[/user/detail]}" onto public java.lang.Object com.isheng.web.admin.auth.UserController.detail(java.lang.String)
[INFO ] 2018-09-02 11:24:48 [main] o.s.w.s.m.m.a.RequestMappingHandlerMapping - Mapped "{[/error]}" onto public org.springframework.http.ResponseEntity<java.util.Map<java.lang.String, java.lang.Object>> org.springframework.boot.autoconfigure.web.servlet.error.BasicErrorController.error(javax.servlet.http.HttpServletRequest)
[INFO ] 2018-09-02 11:24:48 [main] o.s.w.s.m.m.a.RequestMappingHandlerMapping - Mapped "{[/error],produces=[text/html]}" onto public org.springframework.web.servlet.ModelAndView org.springframework.boot.autoconfigure.web.servlet.error.BasicErrorController.errorHtml(javax.servlet.http.HttpServletRequest,javax.servlet.http.HttpServletResponse)
[INFO ] 2018-09-02 11:24:48 [main] o.s.w.s.h.SimpleUrlHandlerMapping - Mapped URL path [/webjars/**] onto handler of type [class org.springframework.web.servlet.resource.ResourceHttpRequestHandler]
[INFO ] 2018-09-02 11:24:48 [main] o.s.w.s.h.SimpleUrlHandlerMapping - Mapped URL path [/**] onto handler of type [class org.springframework.web.servlet.resource.ResourceHttpRequestHandler]
[INFO ] 2018-09-02 11:24:48 [main] o.s.b.a.w.s.WelcomePageHandlerMapping - Adding welcome page: ServletContext resource [/index.html]
[INFO ] 2018-09-02 11:24:48 [main] o.s.b.a.e.web.EndpointLinksResolver - Exposing 2 endpoint(s) beneath base path '/actuator'
[INFO ] 2018-09-02 11:24:48 [main] o.s.b.a.e.w.s.WebMvcEndpointHandlerMapping - Mapped "{[/actuator/health],methods=[GET],produces=[application/vnd.spring-boot.actuator.v2+json || application/json]}" onto public java.lang.Object org.springframework.boot.actuate.endpoint.web.servlet.AbstractWebMvcEndpointHandlerMapping$OperationHandler.handle(javax.servlet.http.HttpServletRequest,java.util.Map<java.lang.String, java.lang.String>)
[INFO ] 2018-09-02 11:24:48 [main] o.s.b.a.e.w.s.WebMvcEndpointHandlerMapping - Mapped "{[/actuator/info],methods=[GET],produces=[application/vnd.spring-boot.actuator.v2+json || application/json]}" onto public java.lang.Object org.springframework.boot.actuate.endpoint.web.servlet.AbstractWebMvcEndpointHandlerMapping$OperationHandler.handle(javax.servlet.http.HttpServletRequest,java.util.Map<java.lang.String, java.lang.String>)
[INFO ] 2018-09-02 11:24:48 [main] o.s.b.a.e.w.s.WebMvcEndpointHandlerMapping - Mapped "{[/actuator],methods=[GET],produces=[application/vnd.spring-boot.actuator.v2+json || application/json]}" onto protected java.util.Map<java.lang.String, java.util.Map<java.lang.String, org.springframework.boot.actuate.endpoint.web.Link>> org.springframework.boot.actuate.endpoint.web.servlet.WebMvcEndpointHandlerMapping.links(javax.servlet.http.HttpServletRequest,javax.servlet.http.HttpServletResponse)
[INFO ] 2018-09-02 11:24:48 [main] o.s.j.e.a.AnnotationMBeanExporter - Registering beans for JMX exposure on startup
[INFO ] 2018-09-02 11:24:48 [main] o.a.coyote.http11.Http11NioProtocol - Starting ProtocolHandler ["http-nio-8881"]
[INFO ] 2018-09-02 11:24:48 [main] o.a.tomcat.util.net.NioSelectorPool - Using a shared selector for servlet write/read
[INFO ] 2018-09-02 11:24:48 [main] o.s.b.w.e.tomcat.TomcatWebServer - Tomcat started on port(s): 8881 (http) with context path ''
[INFO ] 2018-09-02 11:24:48 [main] c.isheng.web.admin.AdminApplication - Started AdminApplication in 21.807 seconds (JVM running for 24.426)
[INFO ] 2018-09-02 11:24:48 [http-nio-8881-exec-1] o.a.tomcat.util.http.parser.Cookie - A cookie header was received [.\.\.\.\.\.dubbo/com.isheng.dao.service.auth.MenuDao..../governance/services/dubbo/com.isheng.dao.service.auth.MenuDao/providers"; tmp0=eNpdUE1PAjEQDQhCNEa9ejLEk4HN7pa6yG3lQ1S%2BFIHoRbvtLFS7W2wXEI0%2Fx%2F9pwXhxDjOTmTfvvUxrl86VgjgZalA1u0RlZBHBAxIQi82DQFoKJlwnamWZVSRji8mI8Nha47%2Fzc5NjEkF%2BRrReSsUySgrIUQUkkSoHMQkEsMwassNgRlQSGa0sGAqRnU1lDDmjlhDxui0kJQIODOGCU%2BgrvuACJpDmLC9noNZ8%2B3%2BNz5gCrTMR1%2Frw%2F4Xe4kz%2FWgCWjyTjIQe2Fcvls3EnE%2Fs4CEmIz7DnMkSph1HoBTYg7FRc10auHabuuvcbaNdE%2BmOaOjW1%2BXb0QhbEmidcWL5SZKVPNqVt3rNBdPcGjcHgqtd96vTqjbY9%2FuSsWhjU6y2%2FVSuXLvroYdQeebe4XxlfjjrDDho6pZtav%2Bn77euSXSjSpOpghF2MPORhxykSuhlUcMVzy%2BceKkbvVfvr8QeYbZB%2F] that contained an invalid cookie. That cookie will be ignored.Note: further occurrences of this error will be logged at DEBUG level.
[INFO ] 2018-09-02 11:24:48 [http-nio-8881-exec-1] o.a.c.c.C.[Tomcat].[localhost].[/] - Initializing Spring FrameworkServlet 'dispatcherServlet'
[INFO ] 2018-09-02 11:24:48 [http-nio-8881-exec-1] o.s.web.servlet.DispatcherServlet - FrameworkServlet 'dispatcherServlet': initialization started
[INFO ] 2018-09-02 11:24:48 [http-nio-8881-exec-1] o.s.web.servlet.DispatcherServlet - FrameworkServlet 'dispatcherServlet': initialization completed in 79 ms
[INFO ] 2018-09-02 11:24:48 [DubboClientHandler-169.254.23.8:29981-thread-7] c.a.d.r.protocol.dubbo.DubboProtocol -  [DUBBO] disconected from /169.254.23.8:29981,url:dubbo://169.254.23.8:29981/com.isheng.service.auth.UserService?anyhost=true&application=isheng-web-admin&check=false&codec=dubbo&dubbo=2.6.0&generic=false&group=dubbo&heartbeat=60000&interface=com.isheng.service.auth.UserService&methods=add,getById,getList,deleteById,update,getCount&pid=2760&register.ip=169.254.23.8&remote.timestamp=1535858674423&side=consumer&timestamp=1535858701859, dubbo version: 2.6.0, current host: 169.254.23.8
