[INFO ] 2018-09-01 19:54:48 [main] c.isheng.web.admin.AdminApplication - Starting AdminApplication on hepb92-lenovo with PID 6388 (E:\DevData\GitRepository\mydev\isheng-tkt\isheng-tkt-web\isheng-tkt-web-admin\target\classes started by Administrator in E:\DevData\GitRepository\mydev\isheng-tkt\isheng-tkt-web\isheng-tkt-web-admin)
[INFO ] 2018-09-01 19:54:48 [main] c.isheng.web.admin.AdminApplication - The following profiles are active: dev
[INFO ] 2018-09-01 19:54:48 [main] o.s.b.w.s.c.AnnotationConfigServletWebServerApplicationContext - Refreshing org.springframework.boot.web.servlet.context.AnnotationConfigServletWebServerApplicationContext@1e66f1f5: startup date [Sat Sep 01 19:54:49 CST 2018]; root of context hierarchy
[INFO ] 2018-09-01 19:54:48 [main] o.s.c.s.PostProcessorRegistrationDelegate$BeanPostProcessorChecker - Bean 'org.springframework.transaction.annotation.ProxyTransactionManagementConfiguration' of type [org.springframework.transaction.annotation.ProxyTransactionManagementConfiguration$$EnhancerBySpringCGLIB$$27800581] is not eligible for getting processed by all BeanPostProcessors (for example: not eligible for auto-proxying)
[INFO ] 2018-09-01 19:54:48 [main] o.s.b.w.e.tomcat.TomcatWebServer - Tomcat initialized with port(s): 8881 (http)
[INFO ] 2018-09-01 19:54:48 [main] o.a.coyote.http11.Http11NioProtocol - Initializing ProtocolHandler ["http-nio-8881"]
[INFO ] 2018-09-01 19:54:48 [main] o.a.catalina.core.StandardService - Starting service [Tomcat]
[INFO ] 2018-09-01 19:54:48 [main] o.a.catalina.core.StandardEngine - Starting Servlet Engine: Apache Tomcat/8.5.31
[INFO ] 2018-09-01 19:54:48 [localhost-startStop-1] o.a.c.core.AprLifecycleListener - The APR based Apache Tomcat Native library which allows optimal performance in production environments was not found on the java.library.path: [D:\dev\Java\jdk1.8\bin;C:\Windows\Sun\Java\bin;C:\Windows\system32;C:\Windows;D:/dev/Java/jre8/bin/server;D:/dev/Java/jre8/bin;D:/dev/Java/jre8/lib/amd64;C:\Program Files (x86)\Common Files\Oracle\Java\javapath;C:\Windows\system32;C:\Windows;D:\dev\Oracle\product\11.2.0\dbhome_1\bin;D:\dev\apach-maven\apache-maven-3.5.4\bin;D:\dev\Java\jdk1.7\bin;C:\Windows\system32;C:\Windows;C:\Windows\System32\Wbem;C:\Windows\System32\WindowsPowerShell\v1.0\;C:\Program Files (x86)\Intel\Services\IPT\;C:\Program Files (x86)\ATI Technologies\ATI.ACE\Core-Static;D:\dev\MySql\bin;D:\dev\Subversion\bin;D:\dev\Nexus\nexus-2.14.4-03\bin\jsw\windows-x86-64;D:\dev\Git\cmd;D:\dev\SSH;D:\sys\Menu\程序菜单;;.]
[INFO ] 2018-09-01 19:54:48 [localhost-startStop-1] o.a.c.c.C.[Tomcat].[localhost].[/] - Initializing Spring embedded WebApplicationContext
[INFO ] 2018-09-01 19:54:48 [localhost-startStop-1] o.s.web.context.ContextLoader - Root WebApplicationContext: initialization completed in 7292 ms
[INFO ] 2018-09-01 19:54:48 [main] o.a.catalina.core.StandardService - Stopping service [Tomcat]
[INFO ] 2018-09-01 23:17:48 [main] c.isheng.web.admin.AdminApplication - Starting AdminApplication on hepb92-lenovo with PID 4272 (E:\DevData\GitRepository\mydev\isheng-tkt\isheng-tkt-web\isheng-tkt-web-admin\target\classes started by Administrator in E:\DevData\GitRepository\mydev\isheng-tkt\isheng-tkt-web\isheng-tkt-web-admin)
[INFO ] 2018-09-01 23:17:48 [main] c.isheng.web.admin.AdminApplication - The following profiles are active: dev
[INFO ] 2018-09-01 23:17:48 [main] o.s.b.w.s.c.AnnotationConfigServletWebServerApplicationContext - Refreshing org.springframework.boot.web.servlet.context.AnnotationConfigServletWebServerApplicationContext@1e66f1f5: startup date [Sat Sep 01 23:17:49 CST 2018]; root of context hierarchy
[INFO ] 2018-09-01 23:17:48 [main] o.s.c.s.PostProcessorRegistrationDelegate$BeanPostProcessorChecker - Bean 'org.springframework.transaction.annotation.ProxyTransactionManagementConfiguration' of type [org.springframework.transaction.annotation.ProxyTransactionManagementConfiguration$$EnhancerBySpringCGLIB$$7a150a90] is not eligible for getting processed by all BeanPostProcessors (for example: not eligible for auto-proxying)
[INFO ] 2018-09-01 23:17:48 [main] o.s.b.w.e.tomcat.TomcatWebServer - Tomcat initialized with port(s): 8881 (http)
[INFO ] 2018-09-01 23:17:48 [main] o.a.coyote.http11.Http11NioProtocol - Initializing ProtocolHandler ["http-nio-8881"]
[INFO ] 2018-09-01 23:17:48 [main] o.a.catalina.core.StandardService - Starting service [Tomcat]
[INFO ] 2018-09-01 23:17:48 [main] o.a.catalina.core.StandardEngine - Starting Servlet Engine: Apache Tomcat/8.5.31
[INFO ] 2018-09-01 23:17:48 [localhost-startStop-1] o.a.c.core.AprLifecycleListener - The APR based Apache Tomcat Native library which allows optimal performance in production environments was not found on the java.library.path: [D:\dev\Java\jdk1.8\bin;C:\Windows\Sun\Java\bin;C:\Windows\system32;C:\Windows;D:/dev/Java/jre8/bin/server;D:/dev/Java/jre8/bin;D:/dev/Java/jre8/lib/amd64;C:\Program Files (x86)\Common Files\Oracle\Java\javapath;C:\Windows\system32;C:\Windows;D:\dev\Oracle\product\11.2.0\dbhome_1\bin;D:\dev\apach-maven\apache-maven-3.5.4\bin;D:\dev\Java\jdk1.7\bin;C:\Windows\system32;C:\Windows;C:\Windows\System32\Wbem;C:\Windows\System32\WindowsPowerShell\v1.0\;C:\Program Files (x86)\Intel\Services\IPT\;C:\Program Files (x86)\ATI Technologies\ATI.ACE\Core-Static;D:\dev\MySql\bin;D:\dev\Subversion\bin;D:\dev\Nexus\nexus-2.14.4-03\bin\jsw\windows-x86-64;D:\dev\Git\cmd;D:\dev\SSH;D:\sys\Menu\程序菜单;;.]
[INFO ] 2018-09-01 23:17:48 [localhost-startStop-1] o.a.c.c.C.[.[.[/isheng-tkt-web-admin] - Initializing Spring embedded WebApplicationContext
[INFO ] 2018-09-01 23:17:48 [localhost-startStop-1] o.s.web.context.ContextLoader - Root WebApplicationContext: initialization completed in 6713 ms
[INFO ] 2018-09-01 23:17:48 [main] o.a.catalina.core.StandardService - Stopping service [Tomcat]
[INFO ] 2018-09-01 23:19:33 [main] c.isheng.web.admin.AdminApplication - Starting AdminApplication on hepb92-lenovo with PID 5696 (E:\DevData\GitRepository\mydev\isheng-tkt\isheng-tkt-web\isheng-tkt-web-admin\target\classes started by Administrator in E:\DevData\GitRepository\mydev\isheng-tkt\isheng-tkt-web\isheng-tkt-web-admin)
[INFO ] 2018-09-01 23:19:33 [main] c.isheng.web.admin.AdminApplication - The following profiles are active: dev
[INFO ] 2018-09-01 23:19:33 [main] o.s.b.w.s.c.AnnotationConfigServletWebServerApplicationContext - Refreshing org.springframework.boot.web.servlet.context.AnnotationConfigServletWebServerApplicationContext@78365cfa: startup date [Sat Sep 01 23:19:34 CST 2018]; root of context hierarchy
[INFO ] 2018-09-01 23:19:33 [main] o.s.c.s.PostProcessorRegistrationDelegate$BeanPostProcessorChecker - Bean 'org.springframework.transaction.annotation.ProxyTransactionManagementConfiguration' of type [org.springframework.transaction.annotation.ProxyTransactionManagementConfiguration$$EnhancerBySpringCGLIB$$27ab3d7c] is not eligible for getting processed by all BeanPostProcessors (for example: not eligible for auto-proxying)
[INFO ] 2018-09-01 23:19:33 [main] o.s.b.w.e.tomcat.TomcatWebServer - Tomcat initialized with port(s): 8881 (http)
[INFO ] 2018-09-01 23:19:33 [main] o.a.coyote.http11.Http11NioProtocol - Initializing ProtocolHandler ["http-nio-8881"]
[INFO ] 2018-09-01 23:19:33 [main] o.a.catalina.core.StandardService - Starting service [Tomcat]
[INFO ] 2018-09-01 23:19:33 [main] o.a.catalina.core.StandardEngine - Starting Servlet Engine: Apache Tomcat/8.5.31
[INFO ] 2018-09-01 23:19:33 [localhost-startStop-1] o.a.c.core.AprLifecycleListener - The APR based Apache Tomcat Native library which allows optimal performance in production environments was not found on the java.library.path: [D:\dev\Java\jdk1.8\bin;C:\Windows\Sun\Java\bin;C:\Windows\system32;C:\Windows;D:\dev\Java\jdk1.8\jre\bin;D:/dev/Java/jre8/bin/server;D:/dev/Java/jre8/bin;D:/dev/Java/jre8/lib/amd64;C:\Program Files (x86)\Common Files\Oracle\Java\javapath;C:\Windows\system32;C:\Windows;D:\dev\Oracle\product\11.2.0\dbhome_1\bin;D:\dev\apach-maven\apache-maven-3.5.4\bin;D:\dev\Java\jdk1.7\bin;C:\Windows\system32;C:\Windows;C:\Windows\System32\Wbem;C:\Windows\System32\WindowsPowerShell\v1.0\;C:\Program Files (x86)\Intel\Services\IPT\;C:\Program Files (x86)\ATI Technologies\ATI.ACE\Core-Static;D:\dev\MySql\bin;D:\dev\Subversion\bin;D:\dev\Nexus\nexus-2.14.4-03\bin\jsw\windows-x86-64;D:\dev\Git\cmd;D:\dev\SSH;D:\sys\Menu\程序菜单;;.]
[INFO ] 2018-09-01 23:19:33 [localhost-startStop-1] o.a.c.c.C.[.[.[/isheng-tkt-web-admin] - Initializing Spring embedded WebApplicationContext
[INFO ] 2018-09-01 23:19:33 [localhost-startStop-1] o.s.web.context.ContextLoader - Root WebApplicationContext: initialization completed in 11567 ms
[INFO ] 2018-09-01 23:19:33 [main] o.a.catalina.core.StandardService - Stopping service [Tomcat]
[INFO ] 2018-09-01 23:22:03 [main] c.isheng.web.admin.AdminApplication - Starting AdminApplication on hepb92-lenovo with PID 5272 (E:\DevData\GitRepository\mydev\isheng-tkt\isheng-tkt-web\isheng-tkt-web-admin\target\classes started by Administrator in E:\DevData\GitRepository\mydev\isheng-tkt\isheng-tkt-web\isheng-tkt-web-admin)
[INFO ] 2018-09-01 23:22:03 [main] c.isheng.web.admin.AdminApplication - The following profiles are active: dev
[INFO ] 2018-09-01 23:22:03 [main] o.s.b.w.s.c.AnnotationConfigServletWebServerApplicationContext - Refreshing org.springframework.boot.web.servlet.context.AnnotationConfigServletWebServerApplicationContext@7cbc3762: startup date [Sat Sep 01 23:22:04 CST 2018]; root of context hierarchy
[INFO ] 2018-09-01 23:22:03 [main] o.s.c.s.PostProcessorRegistrationDelegate$BeanPostProcessorChecker - Bean 'org.springframework.transaction.annotation.ProxyTransactionManagementConfiguration' of type [org.springframework.transaction.annotation.ProxyTransactionManagementConfiguration$$EnhancerBySpringCGLIB$$9fbe819d] is not eligible for getting processed by all BeanPostProcessors (for example: not eligible for auto-proxying)
[INFO ] 2018-09-01 23:22:03 [main] o.s.b.w.e.tomcat.TomcatWebServer - Tomcat initialized with port(s): 8881 (http)
[INFO ] 2018-09-01 23:22:03 [main] o.a.coyote.http11.Http11NioProtocol - Initializing ProtocolHandler ["http-nio-8881"]
[INFO ] 2018-09-01 23:22:03 [main] o.a.catalina.core.StandardService - Starting service [Tomcat]
[INFO ] 2018-09-01 23:22:03 [main] o.a.catalina.core.StandardEngine - Starting Servlet Engine: Apache Tomcat/8.5.31
[INFO ] 2018-09-01 23:22:03 [localhost-startStop-1] o.a.c.core.AprLifecycleListener - The APR based Apache Tomcat Native library which allows optimal performance in production environments was not found on the java.library.path: [D:\dev\Java\jdk1.8\bin;C:\Windows\Sun\Java\bin;C:\Windows\system32;C:\Windows;D:\dev\Java\jdk1.8\jre\bin;D:/dev/Java/jre8/bin/server;D:/dev/Java/jre8/bin;D:/dev/Java/jre8/lib/amd64;C:\Program Files (x86)\Common Files\Oracle\Java\javapath;C:\Windows\system32;C:\Windows;D:\dev\Oracle\product\11.2.0\dbhome_1\bin;D:\dev\apach-maven\apache-maven-3.5.4\bin;D:\dev\Java\jdk1.7\bin;C:\Windows\system32;C:\Windows;C:\Windows\System32\Wbem;C:\Windows\System32\WindowsPowerShell\v1.0\;C:\Program Files (x86)\Intel\Services\IPT\;C:\Program Files (x86)\ATI Technologies\ATI.ACE\Core-Static;D:\dev\MySql\bin;D:\dev\Subversion\bin;D:\dev\Nexus\nexus-2.14.4-03\bin\jsw\windows-x86-64;D:\dev\Git\cmd;D:\dev\SSH;D:\sys\Menu\程序菜单;;.]
[INFO ] 2018-09-01 23:22:03 [localhost-startStop-1] o.a.c.c.C.[.[.[/isheng-tkt-web-admin] - Initializing Spring embedded WebApplicationContext
[INFO ] 2018-09-01 23:22:03 [localhost-startStop-1] o.s.web.context.ContextLoader - Root WebApplicationContext: initialization completed in 11938 ms
[INFO ] 2018-09-01 23:22:03 [main] o.a.catalina.core.StandardService - Stopping service [Tomcat]
[INFO ] 2018-09-01 23:23:58 [main] c.isheng.web.admin.AdminApplication - Starting AdminApplication on hepb92-lenovo with PID 4648 (E:\DevData\GitRepository\mydev\isheng-tkt\isheng-tkt-web\isheng-tkt-web-admin\target\classes started by Administrator in E:\DevData\GitRepository\mydev\isheng-tkt\isheng-tkt-web\isheng-tkt-web-admin)
[INFO ] 2018-09-01 23:23:58 [main] c.isheng.web.admin.AdminApplication - The following profiles are active: dev
[INFO ] 2018-09-01 23:23:58 [main] o.s.b.w.s.c.AnnotationConfigServletWebServerApplicationContext - Refreshing org.springframework.boot.web.servlet.context.AnnotationConfigServletWebServerApplicationContext@52066604: startup date [Sat Sep 01 23:24:00 CST 2018]; root of context hierarchy
[INFO ] 2018-09-01 23:23:58 [main] o.s.b.w.e.tomcat.TomcatWebServer - Tomcat initialized with port(s): 8881 (http)
[INFO ] 2018-09-01 23:23:58 [main] o.a.coyote.http11.Http11NioProtocol - Initializing ProtocolHandler ["http-nio-8881"]
[INFO ] 2018-09-01 23:23:58 [main] o.a.catalina.core.StandardService - Starting service [Tomcat]
[INFO ] 2018-09-01 23:23:58 [main] o.a.catalina.core.StandardEngine - Starting Servlet Engine: Apache Tomcat/8.5.31
[INFO ] 2018-09-01 23:23:58 [localhost-startStop-1] o.a.c.core.AprLifecycleListener - The APR based Apache Tomcat Native library which allows optimal performance in production environments was not found on the java.library.path: [D:\dev\Java\jdk1.8\bin;C:\Windows\Sun\Java\bin;C:\Windows\system32;C:\Windows;D:\dev\Java\jdk1.8\jre\bin;D:/dev/Java/jre8/bin/server;D:/dev/Java/jre8/bin;D:/dev/Java/jre8/lib/amd64;C:\Program Files (x86)\Common Files\Oracle\Java\javapath;C:\Windows\system32;C:\Windows;D:\dev\Oracle\product\11.2.0\dbhome_1\bin;D:\dev\apach-maven\apache-maven-3.5.4\bin;D:\dev\Java\jdk1.7\bin;C:\Windows\system32;C:\Windows;C:\Windows\System32\Wbem;C:\Windows\System32\WindowsPowerShell\v1.0\;C:\Program Files (x86)\Intel\Services\IPT\;C:\Program Files (x86)\ATI Technologies\ATI.ACE\Core-Static;D:\dev\MySql\bin;D:\dev\Subversion\bin;D:\dev\Nexus\nexus-2.14.4-03\bin\jsw\windows-x86-64;D:\dev\Git\cmd;D:\dev\SSH;D:\sys\Menu\程序菜单;;.]
[INFO ] 2018-09-01 23:23:58 [localhost-startStop-1] o.a.c.c.C.[.[.[/isheng-tkt-web-admin] - Initializing Spring embedded WebApplicationContext
[INFO ] 2018-09-01 23:23:58 [localhost-startStop-1] o.s.web.context.ContextLoader - Root WebApplicationContext: initialization completed in 10270 ms
[INFO ] 2018-09-01 23:23:58 [localhost-startStop-1] o.s.b.w.s.ServletRegistrationBean - Servlet dispatcherServlet mapped to [/]
[INFO ] 2018-09-01 23:23:58 [localhost-startStop-1] o.s.b.w.s.FilterRegistrationBean - Mapping filter: 'characterEncodingFilter' to: [/*]
[INFO ] 2018-09-01 23:23:58 [localhost-startStop-1] o.s.b.w.s.FilterRegistrationBean - Mapping filter: 'hiddenHttpMethodFilter' to: [/*]
[INFO ] 2018-09-01 23:23:58 [localhost-startStop-1] o.s.b.w.s.FilterRegistrationBean - Mapping filter: 'httpPutFormContentFilter' to: [/*]
[INFO ] 2018-09-01 23:23:58 [localhost-startStop-1] o.s.b.w.s.FilterRegistrationBean - Mapping filter: 'requestContextFilter' to: [/*]
[INFO ] 2018-09-01 23:23:58 [localhost-startStop-1] o.s.b.w.s.FilterRegistrationBean - Mapping filter: 'httpTraceFilter' to: [/*]
[INFO ] 2018-09-01 23:23:58 [localhost-startStop-1] o.s.b.w.s.FilterRegistrationBean - Mapping filter: 'webMvcMetricsFilter' to: [/*]
[INFO ] 2018-09-01 23:23:58 [main] o.s.w.s.m.m.a.RequestMappingHandlerAdapter - Looking for @ControllerAdvice: org.springframework.boot.web.servlet.context.AnnotationConfigServletWebServerApplicationContext@52066604: startup date [Sat Sep 01 23:24:00 CST 2018]; root of context hierarchy
[INFO ] 2018-09-01 23:23:58 [main] o.s.w.s.m.m.a.RequestMappingHandlerMapping - Mapped "{[/error]}" onto public org.springframework.http.ResponseEntity<java.util.Map<java.lang.String, java.lang.Object>> org.springframework.boot.autoconfigure.web.servlet.error.BasicErrorController.error(javax.servlet.http.HttpServletRequest)
[INFO ] 2018-09-01 23:23:58 [main] o.s.w.s.m.m.a.RequestMappingHandlerMapping - Mapped "{[/error],produces=[text/html]}" onto public org.springframework.web.servlet.ModelAndView org.springframework.boot.autoconfigure.web.servlet.error.BasicErrorController.errorHtml(javax.servlet.http.HttpServletRequest,javax.servlet.http.HttpServletResponse)
[INFO ] 2018-09-01 23:23:58 [main] o.s.w.s.h.SimpleUrlHandlerMapping - Mapped URL path [/webjars/**] onto handler of type [class org.springframework.web.servlet.resource.ResourceHttpRequestHandler]
[INFO ] 2018-09-01 23:23:58 [main] o.s.w.s.h.SimpleUrlHandlerMapping - Mapped URL path [/**] onto handler of type [class org.springframework.web.servlet.resource.ResourceHttpRequestHandler]
[INFO ] 2018-09-01 23:23:58 [main] o.s.b.a.w.s.WelcomePageHandlerMapping - Adding welcome page: ServletContext resource [/index.html]
[INFO ] 2018-09-01 23:23:58 [main] c.a.d.common.logger.LoggerFactory - using logger: com.alibaba.dubbo.common.logger.slf4j.Slf4jLoggerAdapter
[INFO ] 2018-09-01 23:23:58 [main] o.s.b.a.e.web.EndpointLinksResolver - Exposing 2 endpoint(s) beneath base path '/actuator'
[INFO ] 2018-09-01 23:23:58 [main] o.s.b.a.e.w.s.WebMvcEndpointHandlerMapping - Mapped "{[/actuator/health],methods=[GET],produces=[application/vnd.spring-boot.actuator.v2+json || application/json]}" onto public java.lang.Object org.springframework.boot.actuate.endpoint.web.servlet.AbstractWebMvcEndpointHandlerMapping$OperationHandler.handle(javax.servlet.http.HttpServletRequest,java.util.Map<java.lang.String, java.lang.String>)
[INFO ] 2018-09-01 23:23:58 [main] o.s.b.a.e.w.s.WebMvcEndpointHandlerMapping - Mapped "{[/actuator/info],methods=[GET],produces=[application/vnd.spring-boot.actuator.v2+json || application/json]}" onto public java.lang.Object org.springframework.boot.actuate.endpoint.web.servlet.AbstractWebMvcEndpointHandlerMapping$OperationHandler.handle(javax.servlet.http.HttpServletRequest,java.util.Map<java.lang.String, java.lang.String>)
[INFO ] 2018-09-01 23:23:58 [main] o.s.b.a.e.w.s.WebMvcEndpointHandlerMapping - Mapped "{[/actuator],methods=[GET],produces=[application/vnd.spring-boot.actuator.v2+json || application/json]}" onto protected java.util.Map<java.lang.String, java.util.Map<java.lang.String, org.springframework.boot.actuate.endpoint.web.Link>> org.springframework.boot.actuate.endpoint.web.servlet.WebMvcEndpointHandlerMapping.links(javax.servlet.http.HttpServletRequest,javax.servlet.http.HttpServletResponse)
[INFO ] 2018-09-01 23:23:58 [main] o.s.j.e.a.AnnotationMBeanExporter - Registering beans for JMX exposure on startup
[INFO ] 2018-09-01 23:23:58 [main] o.a.coyote.http11.Http11NioProtocol - Starting ProtocolHandler ["http-nio-8881"]
[INFO ] 2018-09-01 23:23:58 [main] o.a.tomcat.util.net.NioSelectorPool - Using a shared selector for servlet write/read
[INFO ] 2018-09-01 23:23:58 [main] o.s.b.w.e.tomcat.TomcatWebServer - Tomcat started on port(s): 8881 (http) with context path '/isheng-tkt-web-admin'
[INFO ] 2018-09-01 23:23:58 [main] c.isheng.web.admin.AdminApplication - Started AdminApplication in 22.563 seconds (JVM running for 25.411)
[INFO ] 2018-09-01 23:23:58 [http-nio-8881-exec-3] o.a.c.c.C.[.[.[/isheng-tkt-web-admin] - Initializing Spring FrameworkServlet 'dispatcherServlet'
[INFO ] 2018-09-01 23:23:58 [http-nio-8881-exec-3] o.s.web.servlet.DispatcherServlet - FrameworkServlet 'dispatcherServlet': initialization started
[INFO ] 2018-09-01 23:23:58 [http-nio-8881-exec-3] o.s.web.servlet.DispatcherServlet - FrameworkServlet 'dispatcherServlet': initialization completed in 86 ms
[INFO ] 2018-09-01 23:26:18 [main] c.isheng.web.admin.AdminApplication - Starting AdminApplication on hepb92-lenovo with PID 6640 (E:\DevData\GitRepository\mydev\isheng-tkt\isheng-tkt-web\isheng-tkt-web-admin\target\classes started by Administrator in E:\DevData\GitRepository\mydev\isheng-tkt\isheng-tkt-web\isheng-tkt-web-admin)
[INFO ] 2018-09-01 23:26:18 [main] c.isheng.web.admin.AdminApplication - The following profiles are active: dev
[INFO ] 2018-09-01 23:26:18 [main] o.s.b.w.s.c.AnnotationConfigServletWebServerApplicationContext - Refreshing org.springframework.boot.web.servlet.context.AnnotationConfigServletWebServerApplicationContext@4b2a01d4: startup date [Sat Sep 01 23:26:20 CST 2018]; root of context hierarchy
[INFO ] 2018-09-01 23:26:18 [main] o.s.b.w.e.tomcat.TomcatWebServer - Tomcat initialized with port(s): 8881 (http)
[INFO ] 2018-09-01 23:26:18 [main] o.a.coyote.http11.Http11NioProtocol - Initializing ProtocolHandler ["http-nio-8881"]
[INFO ] 2018-09-01 23:26:18 [main] o.a.catalina.core.StandardService - Starting service [Tomcat]
[INFO ] 2018-09-01 23:26:18 [main] o.a.catalina.core.StandardEngine - Starting Servlet Engine: Apache Tomcat/8.5.31
[INFO ] 2018-09-01 23:26:18 [localhost-startStop-1] o.a.c.core.AprLifecycleListener - The APR based Apache Tomcat Native library which allows optimal performance in production environments was not found on the java.library.path: [D:\dev\Java\jdk1.8\bin;C:\Windows\Sun\Java\bin;C:\Windows\system32;C:\Windows;D:\dev\Java\jdk1.8\jre\bin;D:/dev/Java/jre8/bin/server;D:/dev/Java/jre8/bin;D:/dev/Java/jre8/lib/amd64;C:\Program Files (x86)\Common Files\Oracle\Java\javapath;C:\Windows\system32;C:\Windows;D:\dev\Oracle\product\11.2.0\dbhome_1\bin;D:\dev\apach-maven\apache-maven-3.5.4\bin;D:\dev\Java\jdk1.7\bin;C:\Windows\system32;C:\Windows;C:\Windows\System32\Wbem;C:\Windows\System32\WindowsPowerShell\v1.0\;C:\Program Files (x86)\Intel\Services\IPT\;C:\Program Files (x86)\ATI Technologies\ATI.ACE\Core-Static;D:\dev\MySql\bin;D:\dev\Subversion\bin;D:\dev\Nexus\nexus-2.14.4-03\bin\jsw\windows-x86-64;D:\dev\Git\cmd;D:\dev\SSH;D:\sys\Menu\程序菜单;;.]
[INFO ] 2018-09-01 23:26:18 [localhost-startStop-1] o.a.c.c.C.[.[.[/isheng-tkt-web-admin] - Initializing Spring embedded WebApplicationContext
[INFO ] 2018-09-01 23:26:18 [localhost-startStop-1] o.s.web.context.ContextLoader - Root WebApplicationContext: initialization completed in 10393 ms
[INFO ] 2018-09-01 23:26:18 [localhost-startStop-1] o.s.b.w.s.ServletRegistrationBean - Servlet dispatcherServlet mapped to [/]
[INFO ] 2018-09-01 23:26:18 [localhost-startStop-1] o.s.b.w.s.FilterRegistrationBean - Mapping filter: 'characterEncodingFilter' to: [/*]
[INFO ] 2018-09-01 23:26:18 [localhost-startStop-1] o.s.b.w.s.FilterRegistrationBean - Mapping filter: 'hiddenHttpMethodFilter' to: [/*]
[INFO ] 2018-09-01 23:26:18 [localhost-startStop-1] o.s.b.w.s.FilterRegistrationBean - Mapping filter: 'httpPutFormContentFilter' to: [/*]
[INFO ] 2018-09-01 23:26:18 [localhost-startStop-1] o.s.b.w.s.FilterRegistrationBean - Mapping filter: 'requestContextFilter' to: [/*]
[INFO ] 2018-09-01 23:26:18 [localhost-startStop-1] o.s.b.w.s.FilterRegistrationBean - Mapping filter: 'httpTraceFilter' to: [/*]
[INFO ] 2018-09-01 23:26:18 [localhost-startStop-1] o.s.b.w.s.FilterRegistrationBean - Mapping filter: 'webMvcMetricsFilter' to: [/*]
[INFO ] 2018-09-01 23:26:18 [main] o.s.w.s.m.m.a.RequestMappingHandlerAdapter - Looking for @ControllerAdvice: org.springframework.boot.web.servlet.context.AnnotationConfigServletWebServerApplicationContext@4b2a01d4: startup date [Sat Sep 01 23:26:20 CST 2018]; root of context hierarchy
[INFO ] 2018-09-01 23:26:18 [main] o.s.w.s.m.m.a.RequestMappingHandlerMapping - Mapped "{[/error]}" onto public org.springframework.http.ResponseEntity<java.util.Map<java.lang.String, java.lang.Object>> org.springframework.boot.autoconfigure.web.servlet.error.BasicErrorController.error(javax.servlet.http.HttpServletRequest)
[INFO ] 2018-09-01 23:26:18 [main] o.s.w.s.m.m.a.RequestMappingHandlerMapping - Mapped "{[/error],produces=[text/html]}" onto public org.springframework.web.servlet.ModelAndView org.springframework.boot.autoconfigure.web.servlet.error.BasicErrorController.errorHtml(javax.servlet.http.HttpServletRequest,javax.servlet.http.HttpServletResponse)
[INFO ] 2018-09-01 23:26:18 [main] o.s.w.s.h.SimpleUrlHandlerMapping - Mapped URL path [/webjars/**] onto handler of type [class org.springframework.web.servlet.resource.ResourceHttpRequestHandler]
[INFO ] 2018-09-01 23:26:18 [main] o.s.w.s.h.SimpleUrlHandlerMapping - Mapped URL path [/**] onto handler of type [class org.springframework.web.servlet.resource.ResourceHttpRequestHandler]
[INFO ] 2018-09-01 23:26:18 [main] o.s.b.a.w.s.WelcomePageHandlerMapping - Adding welcome page: ServletContext resource [/index.html]
[INFO ] 2018-09-01 23:26:18 [main] c.a.d.common.logger.LoggerFactory - using logger: com.alibaba.dubbo.common.logger.slf4j.Slf4jLoggerAdapter
[INFO ] 2018-09-01 23:26:18 [main] o.s.b.a.e.web.EndpointLinksResolver - Exposing 2 endpoint(s) beneath base path '/actuator'
[INFO ] 2018-09-01 23:26:18 [main] o.s.b.a.e.w.s.WebMvcEndpointHandlerMapping - Mapped "{[/actuator/health],methods=[GET],produces=[application/vnd.spring-boot.actuator.v2+json || application/json]}" onto public java.lang.Object org.springframework.boot.actuate.endpoint.web.servlet.AbstractWebMvcEndpointHandlerMapping$OperationHandler.handle(javax.servlet.http.HttpServletRequest,java.util.Map<java.lang.String, java.lang.String>)
[INFO ] 2018-09-01 23:26:18 [main] o.s.b.a.e.w.s.WebMvcEndpointHandlerMapping - Mapped "{[/actuator/info],methods=[GET],produces=[application/vnd.spring-boot.actuator.v2+json || application/json]}" onto public java.lang.Object org.springframework.boot.actuate.endpoint.web.servlet.AbstractWebMvcEndpointHandlerMapping$OperationHandler.handle(javax.servlet.http.HttpServletRequest,java.util.Map<java.lang.String, java.lang.String>)
[INFO ] 2018-09-01 23:26:18 [main] o.s.b.a.e.w.s.WebMvcEndpointHandlerMapping - Mapped "{[/actuator],methods=[GET],produces=[application/vnd.spring-boot.actuator.v2+json || application/json]}" onto protected java.util.Map<java.lang.String, java.util.Map<java.lang.String, org.springframework.boot.actuate.endpoint.web.Link>> org.springframework.boot.actuate.endpoint.web.servlet.WebMvcEndpointHandlerMapping.links(javax.servlet.http.HttpServletRequest,javax.servlet.http.HttpServletResponse)
[INFO ] 2018-09-01 23:26:18 [main] o.s.j.e.a.AnnotationMBeanExporter - Registering beans for JMX exposure on startup
[INFO ] 2018-09-01 23:26:18 [main] o.a.coyote.http11.Http11NioProtocol - Starting ProtocolHandler ["http-nio-8881"]
[INFO ] 2018-09-01 23:26:18 [main] o.a.coyote.http11.Http11NioProtocol - Pausing ProtocolHandler ["http-nio-8881"]
[INFO ] 2018-09-01 23:26:18 [main] o.a.catalina.core.StandardService - Stopping service [Tomcat]
[INFO ] 2018-09-01 23:26:18 [main] o.apache.catalina.util.LifecycleBase - The stop() method was called on component [StandardServer[-1]] after stop() had already been called. The second call will be ignored.
[INFO ] 2018-09-01 23:26:18 [main] o.a.coyote.http11.Http11NioProtocol - Stopping ProtocolHandler ["http-nio-8881"]
[INFO ] 2018-09-01 23:26:18 [main] o.a.coyote.http11.Http11NioProtocol - Destroying ProtocolHandler ["http-nio-8881"]
[INFO ] 2018-09-01 23:26:18 [main] o.s.b.w.s.c.AnnotationConfigServletWebServerApplicationContext - Closing org.springframework.boot.web.servlet.context.AnnotationConfigServletWebServerApplicationContext@4b2a01d4: startup date [Sat Sep 01 23:26:20 CST 2018]; root of context hierarchy
[INFO ] 2018-09-01 23:26:18 [main] o.s.j.e.a.AnnotationMBeanExporter - Unregistering JMX-exposed beans on shutdown
[INFO ] 2018-09-01 23:26:18 [DubboShutdownHook] c.a.dubbo.config.AbstractConfig -  [DUBBO] Run shutdown hook now., dubbo version: 2.6.0, current host: 127.0.0.1
[INFO ] 2018-09-01 23:26:18 [DubboShutdownHook] c.a.d.r.s.AbstractRegistryFactory -  [DUBBO] Close all registries [], dubbo version: 2.6.0, current host: 127.0.0.1
[INFO ] 2018-09-01 23:27:06 [main] c.isheng.web.admin.AdminApplication - Starting AdminApplication on hepb92-lenovo with PID 6336 (E:\DevData\GitRepository\mydev\isheng-tkt\isheng-tkt-web\isheng-tkt-web-admin\target\classes started by Administrator in E:\DevData\GitRepository\mydev\isheng-tkt\isheng-tkt-web\isheng-tkt-web-admin)
[INFO ] 2018-09-01 23:27:06 [main] c.isheng.web.admin.AdminApplication - The following profiles are active: dev
[INFO ] 2018-09-01 23:27:06 [main] o.s.b.w.s.c.AnnotationConfigServletWebServerApplicationContext - Refreshing org.springframework.boot.web.servlet.context.AnnotationConfigServletWebServerApplicationContext@8692d67: startup date [Sat Sep 01 23:27:08 CST 2018]; root of context hierarchy
[INFO ] 2018-09-01 23:27:06 [main] o.s.b.w.e.tomcat.TomcatWebServer - Tomcat initialized with port(s): 8881 (http)
[INFO ] 2018-09-01 23:27:06 [main] o.a.coyote.http11.Http11NioProtocol - Initializing ProtocolHandler ["http-nio-8881"]
[INFO ] 2018-09-01 23:27:06 [main] o.a.catalina.core.StandardService - Starting service [Tomcat]
[INFO ] 2018-09-01 23:27:06 [main] o.a.catalina.core.StandardEngine - Starting Servlet Engine: Apache Tomcat/8.5.31
[INFO ] 2018-09-01 23:27:06 [localhost-startStop-1] o.a.c.core.AprLifecycleListener - The APR based Apache Tomcat Native library which allows optimal performance in production environments was not found on the java.library.path: [D:\dev\Java\jdk1.8\bin;C:\Windows\Sun\Java\bin;C:\Windows\system32;C:\Windows;D:\dev\Java\jdk1.8\jre\bin;D:/dev/Java/jre8/bin/server;D:/dev/Java/jre8/bin;D:/dev/Java/jre8/lib/amd64;C:\Program Files (x86)\Common Files\Oracle\Java\javapath;C:\Windows\system32;C:\Windows;D:\dev\Oracle\product\11.2.0\dbhome_1\bin;D:\dev\apach-maven\apache-maven-3.5.4\bin;D:\dev\Java\jdk1.7\bin;C:\Windows\system32;C:\Windows;C:\Windows\System32\Wbem;C:\Windows\System32\WindowsPowerShell\v1.0\;C:\Program Files (x86)\Intel\Services\IPT\;C:\Program Files (x86)\ATI Technologies\ATI.ACE\Core-Static;D:\dev\MySql\bin;D:\dev\Subversion\bin;D:\dev\Nexus\nexus-2.14.4-03\bin\jsw\windows-x86-64;D:\dev\Git\cmd;D:\dev\SSH;D:\sys\Menu\程序菜单;;.]
[INFO ] 2018-09-01 23:27:06 [localhost-startStop-1] o.a.c.c.C.[.[.[/isheng-tkt-web-admin] - Initializing Spring embedded WebApplicationContext
[INFO ] 2018-09-01 23:27:06 [localhost-startStop-1] o.s.web.context.ContextLoader - Root WebApplicationContext: initialization completed in 10719 ms
[INFO ] 2018-09-01 23:27:06 [localhost-startStop-1] o.s.b.w.s.ServletRegistrationBean - Servlet dispatcherServlet mapped to [/]
[INFO ] 2018-09-01 23:27:06 [localhost-startStop-1] o.s.b.w.s.FilterRegistrationBean - Mapping filter: 'characterEncodingFilter' to: [/*]
[INFO ] 2018-09-01 23:27:06 [localhost-startStop-1] o.s.b.w.s.FilterRegistrationBean - Mapping filter: 'hiddenHttpMethodFilter' to: [/*]
[INFO ] 2018-09-01 23:27:06 [localhost-startStop-1] o.s.b.w.s.FilterRegistrationBean - Mapping filter: 'httpPutFormContentFilter' to: [/*]
[INFO ] 2018-09-01 23:27:06 [localhost-startStop-1] o.s.b.w.s.FilterRegistrationBean - Mapping filter: 'requestContextFilter' to: [/*]
[INFO ] 2018-09-01 23:27:06 [localhost-startStop-1] o.s.b.w.s.FilterRegistrationBean - Mapping filter: 'httpTraceFilter' to: [/*]
[INFO ] 2018-09-01 23:27:06 [localhost-startStop-1] o.s.b.w.s.FilterRegistrationBean - Mapping filter: 'webMvcMetricsFilter' to: [/*]
[INFO ] 2018-09-01 23:27:06 [main] o.s.w.s.m.m.a.RequestMappingHandlerAdapter - Looking for @ControllerAdvice: org.springframework.boot.web.servlet.context.AnnotationConfigServletWebServerApplicationContext@8692d67: startup date [Sat Sep 01 23:27:08 CST 2018]; root of context hierarchy
[INFO ] 2018-09-01 23:27:06 [main] o.s.w.s.m.m.a.RequestMappingHandlerMapping - Mapped "{[/error]}" onto public org.springframework.http.ResponseEntity<java.util.Map<java.lang.String, java.lang.Object>> org.springframework.boot.autoconfigure.web.servlet.error.BasicErrorController.error(javax.servlet.http.HttpServletRequest)
[INFO ] 2018-09-01 23:27:06 [main] o.s.w.s.m.m.a.RequestMappingHandlerMapping - Mapped "{[/error],produces=[text/html]}" onto public org.springframework.web.servlet.ModelAndView org.springframework.boot.autoconfigure.web.servlet.error.BasicErrorController.errorHtml(javax.servlet.http.HttpServletRequest,javax.servlet.http.HttpServletResponse)
[INFO ] 2018-09-01 23:27:06 [main] o.s.w.s.h.SimpleUrlHandlerMapping - Mapped URL path [/webjars/**] onto handler of type [class org.springframework.web.servlet.resource.ResourceHttpRequestHandler]
[INFO ] 2018-09-01 23:27:06 [main] o.s.w.s.h.SimpleUrlHandlerMapping - Mapped URL path [/**] onto handler of type [class org.springframework.web.servlet.resource.ResourceHttpRequestHandler]
[INFO ] 2018-09-01 23:27:06 [main] o.s.b.a.w.s.WelcomePageHandlerMapping - Adding welcome page: ServletContext resource [/index.html]
[INFO ] 2018-09-01 23:27:06 [main] c.a.d.common.logger.LoggerFactory - using logger: com.alibaba.dubbo.common.logger.slf4j.Slf4jLoggerAdapter
[INFO ] 2018-09-01 23:27:06 [main] o.s.b.a.e.web.EndpointLinksResolver - Exposing 2 endpoint(s) beneath base path '/actuator'
[INFO ] 2018-09-01 23:27:06 [main] o.s.b.a.e.w.s.WebMvcEndpointHandlerMapping - Mapped "{[/actuator/health],methods=[GET],produces=[application/vnd.spring-boot.actuator.v2+json || application/json]}" onto public java.lang.Object org.springframework.boot.actuate.endpoint.web.servlet.AbstractWebMvcEndpointHandlerMapping$OperationHandler.handle(javax.servlet.http.HttpServletRequest,java.util.Map<java.lang.String, java.lang.String>)
[INFO ] 2018-09-01 23:27:06 [main] o.s.b.a.e.w.s.WebMvcEndpointHandlerMapping - Mapped "{[/actuator/info],methods=[GET],produces=[application/vnd.spring-boot.actuator.v2+json || application/json]}" onto public java.lang.Object org.springframework.boot.actuate.endpoint.web.servlet.AbstractWebMvcEndpointHandlerMapping$OperationHandler.handle(javax.servlet.http.HttpServletRequest,java.util.Map<java.lang.String, java.lang.String>)
[INFO ] 2018-09-01 23:27:06 [main] o.s.b.a.e.w.s.WebMvcEndpointHandlerMapping - Mapped "{[/actuator],methods=[GET],produces=[application/vnd.spring-boot.actuator.v2+json || application/json]}" onto protected java.util.Map<java.lang.String, java.util.Map<java.lang.String, org.springframework.boot.actuate.endpoint.web.Link>> org.springframework.boot.actuate.endpoint.web.servlet.WebMvcEndpointHandlerMapping.links(javax.servlet.http.HttpServletRequest,javax.servlet.http.HttpServletResponse)
[INFO ] 2018-09-01 23:27:06 [main] o.s.j.e.a.AnnotationMBeanExporter - Registering beans for JMX exposure on startup
[INFO ] 2018-09-01 23:27:06 [main] o.a.coyote.http11.Http11NioProtocol - Starting ProtocolHandler ["http-nio-8881"]
[INFO ] 2018-09-01 23:27:06 [main] o.a.tomcat.util.net.NioSelectorPool - Using a shared selector for servlet write/read
[INFO ] 2018-09-01 23:27:06 [main] o.s.b.w.e.tomcat.TomcatWebServer - Tomcat started on port(s): 8881 (http) with context path '/isheng-tkt-web-admin'
[INFO ] 2018-09-01 23:27:06 [main] c.isheng.web.admin.AdminApplication - Started AdminApplication in 23.569 seconds (JVM running for 26.529)
[INFO ] 2018-09-01 23:28:42 [main] c.isheng.web.admin.AdminApplication - Starting AdminApplication on hepb92-lenovo with PID 4216 (E:\DevData\GitRepository\mydev\isheng-tkt\isheng-tkt-web\isheng-tkt-web-admin\target\classes started by Administrator in E:\DevData\GitRepository\mydev\isheng-tkt\isheng-tkt-web\isheng-tkt-web-admin)
[INFO ] 2018-09-01 23:28:42 [main] c.isheng.web.admin.AdminApplication - The following profiles are active: dev
[INFO ] 2018-09-01 23:28:42 [main] o.s.b.w.s.c.AnnotationConfigServletWebServerApplicationContext - Refreshing org.springframework.boot.web.servlet.context.AnnotationConfigServletWebServerApplicationContext@4aa83f4f: startup date [Sat Sep 01 23:28:44 CST 2018]; root of context hierarchy
[INFO ] 2018-09-01 23:28:42 [main] o.s.b.w.e.tomcat.TomcatWebServer - Tomcat initialized with port(s): 8881 (http)
[INFO ] 2018-09-01 23:28:42 [main] o.a.coyote.http11.Http11NioProtocol - Initializing ProtocolHandler ["http-nio-8881"]
[INFO ] 2018-09-01 23:28:42 [main] o.a.catalina.core.StandardService - Starting service [Tomcat]
[INFO ] 2018-09-01 23:28:42 [main] o.a.catalina.core.StandardEngine - Starting Servlet Engine: Apache Tomcat/8.5.31
[INFO ] 2018-09-01 23:28:42 [localhost-startStop-1] o.a.c.core.AprLifecycleListener - The APR based Apache Tomcat Native library which allows optimal performance in production environments was not found on the java.library.path: [D:\dev\Java\jdk1.8\bin;C:\Windows\Sun\Java\bin;C:\Windows\system32;C:\Windows;D:\dev\Java\jdk1.8\jre\bin;D:/dev/Java/jre8/bin/server;D:/dev/Java/jre8/bin;D:/dev/Java/jre8/lib/amd64;C:\Program Files (x86)\Common Files\Oracle\Java\javapath;C:\Windows\system32;C:\Windows;D:\dev\Oracle\product\11.2.0\dbhome_1\bin;D:\dev\apach-maven\apache-maven-3.5.4\bin;D:\dev\Java\jdk1.7\bin;C:\Windows\system32;C:\Windows;C:\Windows\System32\Wbem;C:\Windows\System32\WindowsPowerShell\v1.0\;C:\Program Files (x86)\Intel\Services\IPT\;C:\Program Files (x86)\ATI Technologies\ATI.ACE\Core-Static;D:\dev\MySql\bin;D:\dev\Subversion\bin;D:\dev\Nexus\nexus-2.14.4-03\bin\jsw\windows-x86-64;D:\dev\Git\cmd;D:\dev\SSH;D:\sys\Menu\程序菜单;;.]
[INFO ] 2018-09-01 23:28:42 [localhost-startStop-1] o.a.c.c.C.[Tomcat].[localhost].[/] - Initializing Spring embedded WebApplicationContext
[INFO ] 2018-09-01 23:28:42 [localhost-startStop-1] o.s.web.context.ContextLoader - Root WebApplicationContext: initialization completed in 10773 ms
[INFO ] 2018-09-01 23:28:42 [localhost-startStop-1] o.s.b.w.s.ServletRegistrationBean - Servlet dispatcherServlet mapped to [/]
[INFO ] 2018-09-01 23:28:42 [localhost-startStop-1] o.s.b.w.s.FilterRegistrationBean - Mapping filter: 'characterEncodingFilter' to: [/*]
[INFO ] 2018-09-01 23:28:42 [localhost-startStop-1] o.s.b.w.s.FilterRegistrationBean - Mapping filter: 'hiddenHttpMethodFilter' to: [/*]
[INFO ] 2018-09-01 23:28:42 [localhost-startStop-1] o.s.b.w.s.FilterRegistrationBean - Mapping filter: 'httpPutFormContentFilter' to: [/*]
[INFO ] 2018-09-01 23:28:42 [localhost-startStop-1] o.s.b.w.s.FilterRegistrationBean - Mapping filter: 'requestContextFilter' to: [/*]
[INFO ] 2018-09-01 23:28:42 [localhost-startStop-1] o.s.b.w.s.FilterRegistrationBean - Mapping filter: 'httpTraceFilter' to: [/*]
[INFO ] 2018-09-01 23:28:42 [localhost-startStop-1] o.s.b.w.s.FilterRegistrationBean - Mapping filter: 'webMvcMetricsFilter' to: [/*]
[INFO ] 2018-09-01 23:28:42 [main] o.s.w.s.m.m.a.RequestMappingHandlerAdapter - Looking for @ControllerAdvice: org.springframework.boot.web.servlet.context.AnnotationConfigServletWebServerApplicationContext@4aa83f4f: startup date [Sat Sep 01 23:28:44 CST 2018]; root of context hierarchy
[INFO ] 2018-09-01 23:28:42 [main] o.s.w.s.m.m.a.RequestMappingHandlerMapping - Mapped "{[/error]}" onto public org.springframework.http.ResponseEntity<java.util.Map<java.lang.String, java.lang.Object>> org.springframework.boot.autoconfigure.web.servlet.error.BasicErrorController.error(javax.servlet.http.HttpServletRequest)
[INFO ] 2018-09-01 23:28:42 [main] o.s.w.s.m.m.a.RequestMappingHandlerMapping - Mapped "{[/error],produces=[text/html]}" onto public org.springframework.web.servlet.ModelAndView org.springframework.boot.autoconfigure.web.servlet.error.BasicErrorController.errorHtml(javax.servlet.http.HttpServletRequest,javax.servlet.http.HttpServletResponse)
[INFO ] 2018-09-01 23:28:42 [main] o.s.w.s.h.SimpleUrlHandlerMapping - Mapped URL path [/webjars/**] onto handler of type [class org.springframework.web.servlet.resource.ResourceHttpRequestHandler]
[INFO ] 2018-09-01 23:28:42 [main] o.s.w.s.h.SimpleUrlHandlerMapping - Mapped URL path [/**] onto handler of type [class org.springframework.web.servlet.resource.ResourceHttpRequestHandler]
[INFO ] 2018-09-01 23:28:42 [main] o.s.b.a.w.s.WelcomePageHandlerMapping - Adding welcome page: ServletContext resource [/index.html]
[INFO ] 2018-09-01 23:28:42 [main] c.a.d.common.logger.LoggerFactory - using logger: com.alibaba.dubbo.common.logger.slf4j.Slf4jLoggerAdapter
[INFO ] 2018-09-01 23:28:42 [main] o.s.b.a.e.web.EndpointLinksResolver - Exposing 2 endpoint(s) beneath base path '/actuator'
[INFO ] 2018-09-01 23:28:42 [main] o.s.b.a.e.w.s.WebMvcEndpointHandlerMapping - Mapped "{[/actuator/health],methods=[GET],produces=[application/vnd.spring-boot.actuator.v2+json || application/json]}" onto public java.lang.Object org.springframework.boot.actuate.endpoint.web.servlet.AbstractWebMvcEndpointHandlerMapping$OperationHandler.handle(javax.servlet.http.HttpServletRequest,java.util.Map<java.lang.String, java.lang.String>)
[INFO ] 2018-09-01 23:28:42 [main] o.s.b.a.e.w.s.WebMvcEndpointHandlerMapping - Mapped "{[/actuator/info],methods=[GET],produces=[application/vnd.spring-boot.actuator.v2+json || application/json]}" onto public java.lang.Object org.springframework.boot.actuate.endpoint.web.servlet.AbstractWebMvcEndpointHandlerMapping$OperationHandler.handle(javax.servlet.http.HttpServletRequest,java.util.Map<java.lang.String, java.lang.String>)
[INFO ] 2018-09-01 23:28:42 [main] o.s.b.a.e.w.s.WebMvcEndpointHandlerMapping - Mapped "{[/actuator],methods=[GET],produces=[application/vnd.spring-boot.actuator.v2+json || application/json]}" onto protected java.util.Map<java.lang.String, java.util.Map<java.lang.String, org.springframework.boot.actuate.endpoint.web.Link>> org.springframework.boot.actuate.endpoint.web.servlet.WebMvcEndpointHandlerMapping.links(javax.servlet.http.HttpServletRequest,javax.servlet.http.HttpServletResponse)
[INFO ] 2018-09-01 23:28:42 [main] o.s.j.e.a.AnnotationMBeanExporter - Registering beans for JMX exposure on startup
[INFO ] 2018-09-01 23:28:42 [main] o.a.coyote.http11.Http11NioProtocol - Starting ProtocolHandler ["http-nio-8881"]
[INFO ] 2018-09-01 23:28:42 [main] o.a.tomcat.util.net.NioSelectorPool - Using a shared selector for servlet write/read
[INFO ] 2018-09-01 23:28:42 [main] o.s.b.w.e.tomcat.TomcatWebServer - Tomcat started on port(s): 8881 (http) with context path ''
[INFO ] 2018-09-01 23:28:42 [main] c.isheng.web.admin.AdminApplication - Started AdminApplication in 23.261 seconds (JVM running for 26.144)
[INFO ] 2018-09-01 23:28:42 [http-nio-8881-exec-1] o.a.c.c.C.[Tomcat].[localhost].[/] - Initializing Spring FrameworkServlet 'dispatcherServlet'
[INFO ] 2018-09-01 23:28:42 [http-nio-8881-exec-1] o.s.web.servlet.DispatcherServlet - FrameworkServlet 'dispatcherServlet': initialization started
[INFO ] 2018-09-01 23:28:42 [http-nio-8881-exec-1] o.s.web.servlet.DispatcherServlet - FrameworkServlet 'dispatcherServlet': initialization completed in 54 ms
